2025-07-31T22:13:15.018+0530 [DEBUG] [org.gradle.launcher.daemon.bootstrap.DaemonMain] Assuming the daemon was started with following jvm opts: [--add-opens=java.base/java.util=ALL-UNNAMED, --add-opens=java.base/java.lang=ALL-UNNAMED, --add-opens=java.base/java.lang.invoke=ALL-UNNAMED, --add-opens=java.prefs/java.util.prefs=ALL-UNNAMED, --add-exports=jdk.compiler/com.sun.tools.javac.api=ALL-UNNAMED, --add-exports=jdk.compiler/com.sun.tools.javac.util=ALL-UNNAMED, --add-opens=java.base/java.nio.charset=ALL-UNNAMED, --add-opens=java.base/java.net=ALL-UNNAMED, --add-opens=java.base/java.util.concurrent.atomic=ALL-UNNAMED, -Xmx2048m, -Dfile.encoding=UTF-8, -Duser.country=US, -Duser.language=en, -Duser.variant]
2025-07-31T22:13:15.164+0530 [DEBUG] [org.gradle.internal.nativeintegration.services.NativeServices] Native-platform posix files integration is not available. Continuing with fallback.
2025-07-31T22:13:15.194+0530 [INFO] [org.gradle.launcher.daemon.server.Daemon] start() called on daemon - DefaultDaemonContext[uid=56575f1a-ba12-4cfe-8135-1e1534ea418c,javaHome=C:\Program Files\Java\jdk-17,javaVersion=17,daemonRegistryDir=C:\Users\subra\AndroidStudioProjects\WeddingCraft\gradle\daemon,pid=4500,idleTimeout=10800000,priority=NORMAL,applyInstrumentationAgent=true,nativeServicesMode=ENABLED,daemonOpts=--add-opens=java.base/java.util=ALL-UNNAMED,--add-opens=java.base/java.lang=ALL-UNNAMED,--add-opens=java.base/java.lang.invoke=ALL-UNNAMED,--add-opens=java.prefs/java.util.prefs=ALL-UNNAMED,--add-exports=jdk.compiler/com.sun.tools.javac.api=ALL-UNNAMED,--add-exports=jdk.compiler/com.sun.tools.javac.util=ALL-UNNAMED,--add-opens=java.base/java.nio.charset=ALL-UNNAMED,--add-opens=java.base/java.net=ALL-UNNAMED,--add-opens=java.base/java.util.concurrent.atomic=ALL-UNNAMED,-Xmx2048m,-Dfile.encoding=UTF-8,-Duser.country=US,-Duser.language=en,-Duser.variant]
2025-07-31T22:13:15.294+0530 [DEBUG] [org.gradle.internal.remote.internal.inet.InetAddresses] Adding IP addresses for network interface Software Loopback Interface 1
2025-07-31T22:13:15.297+0530 [DEBUG] [org.gradle.internal.remote.internal.inet.InetAddresses] Is this a loopback interface? true
2025-07-31T22:13:15.297+0530 [DEBUG] [org.gradle.internal.remote.internal.inet.InetAddresses] Adding loopback address /127.0.0.1
2025-07-31T22:13:15.297+0530 [DEBUG] [org.gradle.internal.remote.internal.inet.InetAddresses] Adding loopback address /0:0:0:0:0:0:0:1
2025-07-31T22:13:15.298+0530 [DEBUG] [org.gradle.internal.remote.internal.inet.InetAddresses] Adding IP addresses for network interface Microsoft 6to4 Adapter
2025-07-31T22:13:15.301+0530 [DEBUG] [org.gradle.internal.remote.internal.inet.InetAddresses] Is this a loopback interface? false
2025-07-31T22:13:15.301+0530 [DEBUG] [org.gradle.internal.remote.internal.inet.InetAddresses] Adding IP addresses for network interface WAN Miniport (PPTP)
2025-07-31T22:13:15.304+0530 [DEBUG] [org.gradle.internal.remote.internal.inet.InetAddresses] Is this a loopback interface? false
2025-07-31T22:13:15.304+0530 [DEBUG] [org.gradle.internal.remote.internal.inet.InetAddresses] Adding IP addresses for network interface Microsoft IP-HTTPS Platform Adapter
2025-07-31T22:13:15.307+0530 [DEBUG] [org.gradle.internal.remote.internal.inet.InetAddresses] Is this a loopback interface? false
2025-07-31T22:13:15.307+0530 [DEBUG] [org.gradle.internal.remote.internal.inet.InetAddresses] Adding IP addresses for network interface Bluetooth Device (Personal Area Network) #3
2025-07-31T22:13:15.309+0530 [DEBUG] [org.gradle.internal.remote.internal.inet.InetAddresses] Is this a loopback interface? false
2025-07-31T22:13:15.310+0530 [DEBUG] [org.gradle.internal.remote.internal.inet.InetAddresses] Adding remote address /fe80:0:0:0:21ec:1cba:3ef4:6226%eth0
2025-07-31T22:13:15.310+0530 [DEBUG] [org.gradle.internal.remote.internal.inet.InetAddresses] Adding IP addresses for network interface Android USB Ethernet/RNDIS
2025-07-31T22:13:15.312+0530 [DEBUG] [org.gradle.internal.remote.internal.inet.InetAddresses] Is this a loopback interface? false
2025-07-31T22:13:15.313+0530 [DEBUG] [org.gradle.internal.remote.internal.inet.InetAddresses] Adding IP addresses for network interface WAN Miniport (PPPOE)
2025-07-31T22:13:15.315+0530 [DEBUG] [org.gradle.internal.remote.internal.inet.InetAddresses] Is this a loopback interface? false
2025-07-31T22:13:15.315+0530 [DEBUG] [org.gradle.internal.remote.internal.inet.InetAddresses] Adding IP addresses for network interface Android USB Ethernet/RNDIS #3
2025-07-31T22:13:15.317+0530 [DEBUG] [org.gradle.internal.remote.internal.inet.InetAddresses] Is this a loopback interface? false
2025-07-31T22:13:15.318+0530 [DEBUG] [org.gradle.internal.remote.internal.inet.InetAddresses] Adding IP addresses for network interface Microsoft Kernel Debug Network Adapter
2025-07-31T22:13:15.320+0530 [DEBUG] [org.gradle.internal.remote.internal.inet.InetAddresses] Is this a loopback interface? false
2025-07-31T22:13:15.320+0530 [DEBUG] [org.gradle.internal.remote.internal.inet.InetAddresses] Adding IP addresses for network interface WAN Miniport (Network Monitor)
2025-07-31T22:13:15.322+0530 [DEBUG] [org.gradle.internal.remote.internal.inet.InetAddresses] Is this a loopback interface? false
2025-07-31T22:13:15.323+0530 [DEBUG] [org.gradle.internal.remote.internal.inet.InetAddresses] Adding IP addresses for network interface TAP-Windows Adapter V9
2025-07-31T22:13:15.325+0530 [DEBUG] [org.gradle.internal.remote.internal.inet.InetAddresses] Is this a loopback interface? false
2025-07-31T22:13:15.325+0530 [DEBUG] [org.gradle.internal.remote.internal.inet.InetAddresses] Adding remote address /fe80:0:0:0:f775:c089:c296:f15e%net3
2025-07-31T22:13:15.329+0530 [DEBUG] [org.gradle.internal.remote.internal.inet.InetAddresses] Adding IP addresses for network interface Android USB Ethernet/RNDIS #4
2025-07-31T22:13:15.334+0530 [DEBUG] [org.gradle.internal.remote.internal.inet.InetAddresses] Is this a loopback interface? false
2025-07-31T22:13:15.334+0530 [DEBUG] [org.gradle.internal.remote.internal.inet.InetAddresses] Adding IP addresses for network interface WAN Miniport (L2TP)
2025-07-31T22:13:15.337+0530 [DEBUG] [org.gradle.internal.remote.internal.inet.InetAddresses] Is this a loopback interface? false
2025-07-31T22:13:15.337+0530 [DEBUG] [org.gradle.internal.remote.internal.inet.InetAddresses] Adding IP addresses for network interface Microsoft Wi-Fi Direct Virtual Adapter #2
2025-07-31T22:13:15.340+0530 [DEBUG] [org.gradle.internal.remote.internal.inet.InetAddresses] Is this a loopback interface? false
2025-07-31T22:13:15.340+0530 [DEBUG] [org.gradle.internal.remote.internal.inet.InetAddresses] Adding IP addresses for network interface Android USB Ethernet/RNDIS #2
2025-07-31T22:13:15.342+0530 [DEBUG] [org.gradle.internal.remote.internal.inet.InetAddresses] Is this a loopback interface? false
2025-07-31T22:13:15.343+0530 [DEBUG] [org.gradle.internal.remote.internal.inet.InetAddresses] Adding IP addresses for network interface WAN Miniport (IKEv2)
2025-07-31T22:13:15.345+0530 [DEBUG] [org.gradle.internal.remote.internal.inet.InetAddresses] Is this a loopback interface? false
2025-07-31T22:13:15.345+0530 [DEBUG] [org.gradle.internal.remote.internal.inet.InetAddresses] Adding IP addresses for network interface Intel(R) Wi-Fi 6 AX101
2025-07-31T22:13:15.347+0530 [DEBUG] [org.gradle.internal.remote.internal.inet.InetAddresses] Is this a loopback interface? false
2025-07-31T22:13:15.348+0530 [DEBUG] [org.gradle.internal.remote.internal.inet.InetAddresses] Adding remote address /10.183.212.95
2025-07-31T22:13:15.348+0530 [DEBUG] [org.gradle.internal.remote.internal.inet.InetAddresses] Adding IP addresses for network interface Microsoft Teredo Tunneling Adapter
2025-07-31T22:13:15.350+0530 [DEBUG] [org.gradle.internal.remote.internal.inet.InetAddresses] Is this a loopback interface? false
2025-07-31T22:13:15.350+0530 [DEBUG] [org.gradle.internal.remote.internal.inet.InetAddresses] Adding IP addresses for network interface WAN Miniport (IPv6)
2025-07-31T22:13:15.352+0530 [DEBUG] [org.gradle.internal.remote.internal.inet.InetAddresses] Is this a loopback interface? false
2025-07-31T22:13:15.353+0530 [DEBUG] [org.gradle.internal.remote.internal.inet.InetAddresses] Adding IP addresses for network interface Intel(R) Wi-Fi 6 AX101-QoS Packet Scheduler-0000
2025-07-31T22:13:15.355+0530 [DEBUG] [org.gradle.internal.remote.internal.inet.InetAddresses] Is this a loopback interface? false
2025-07-31T22:13:15.355+0530 [DEBUG] [org.gradle.internal.remote.internal.inet.InetAddresses] Adding IP addresses for network interface Bluetooth Device (Personal Area Network) #2
2025-07-31T22:13:15.357+0530 [DEBUG] [org.gradle.internal.remote.internal.inet.InetAddresses] Is this a loopback interface? false
2025-07-31T22:13:15.358+0530 [DEBUG] [org.gradle.internal.remote.internal.inet.InetAddresses] Adding IP addresses for network interface Bluetooth Device (Personal Area Network)
2025-07-31T22:13:15.360+0530 [DEBUG] [org.gradle.internal.remote.internal.inet.InetAddresses] Is this a loopback interface? false
2025-07-31T22:13:15.360+0530 [DEBUG] [org.gradle.internal.remote.internal.inet.InetAddresses] Adding IP addresses for network interface WAN Miniport (IP)
2025-07-31T22:13:15.362+0530 [DEBUG] [org.gradle.internal.remote.internal.inet.InetAddresses] Is this a loopback interface? false
2025-07-31T22:13:15.363+0530 [DEBUG] [org.gradle.internal.remote.internal.inet.InetAddresses] Adding IP addresses for network interface Microsoft Wi-Fi Direct Virtual Adapter
2025-07-31T22:13:15.365+0530 [DEBUG] [org.gradle.internal.remote.internal.inet.InetAddresses] Is this a loopback interface? false
2025-07-31T22:13:15.365+0530 [DEBUG] [org.gradle.internal.remote.internal.inet.InetAddresses] Adding IP addresses for network interface WAN Miniport (SSTP)
2025-07-31T22:13:15.367+0530 [DEBUG] [org.gradle.internal.remote.internal.inet.InetAddresses] Is this a loopback interface? false
2025-07-31T22:13:15.367+0530 [DEBUG] [org.gradle.internal.remote.internal.inet.InetAddresses] Adding IP addresses for network interface Hyper-V Virtual Switch Extension Adapter
2025-07-31T22:13:15.369+0530 [DEBUG] [org.gradle.internal.remote.internal.inet.InetAddresses] Is this a loopback interface? false
2025-07-31T22:13:15.369+0530 [DEBUG] [org.gradle.internal.remote.internal.inet.InetAddresses] Adding IP addresses for network interface Hyper-V Virtual Switch Extension Adapter-Hyper-V Virtual Switch Extension Filter-0000
2025-07-31T22:13:15.371+0530 [DEBUG] [org.gradle.internal.remote.internal.inet.InetAddresses] Is this a loopback interface? false
2025-07-31T22:13:15.371+0530 [DEBUG] [org.gradle.internal.remote.internal.inet.InetAddresses] Adding IP addresses for network interface Hyper-V Virtual Ethernet Adapter
2025-07-31T22:13:15.374+0530 [DEBUG] [org.gradle.internal.remote.internal.inet.InetAddresses] Is this a loopback interface? false
2025-07-31T22:13:15.374+0530 [DEBUG] [org.gradle.internal.remote.internal.inet.InetAddresses] Adding remote address /172.23.48.1
2025-07-31T22:13:15.375+0530 [DEBUG] [org.gradle.internal.remote.internal.inet.InetAddresses] Adding remote address /fe80:0:0:0:fcc9:22ad:881a:d3dc%eth12
2025-07-31T22:13:15.375+0530 [DEBUG] [org.gradle.internal.remote.internal.inet.InetAddresses] Adding IP addresses for network interface Hyper-V Virtual Ethernet Adapter-WFP Native MAC Layer LightWeight Filter-0000
2025-07-31T22:13:15.377+0530 [DEBUG] [org.gradle.internal.remote.internal.inet.InetAddresses] Is this a loopback interface? false
2025-07-31T22:13:15.377+0530 [DEBUG] [org.gradle.internal.remote.internal.inet.InetAddresses] Adding IP addresses for network interface Microsoft Wi-Fi Direct Virtual Adapter-WFP Native MAC Layer LightWeight Filter-0000
2025-07-31T22:13:15.380+0530 [DEBUG] [org.gradle.internal.remote.internal.inet.InetAddresses] Is this a loopback interface? false
2025-07-31T22:13:15.380+0530 [DEBUG] [org.gradle.internal.remote.internal.inet.InetAddresses] Adding IP addresses for network interface TAP-Windows Adapter V9-WFP Native MAC Layer LightWeight Filter-0000
2025-07-31T22:13:15.382+0530 [DEBUG] [org.gradle.internal.remote.internal.inet.InetAddresses] Is this a loopback interface? false
2025-07-31T22:13:15.382+0530 [DEBUG] [org.gradle.internal.remote.internal.inet.InetAddresses] Adding IP addresses for network interface TAP-Windows Adapter V9-QoS Packet Scheduler-0000
2025-07-31T22:13:15.385+0530 [DEBUG] [org.gradle.internal.remote.internal.inet.InetAddresses] Is this a loopback interface? false
2025-07-31T22:13:15.386+0530 [DEBUG] [org.gradle.internal.remote.internal.inet.InetAddresses] Adding IP addresses for network interface TAP-Windows Adapter V9-WFP 802.3 MAC Layer LightWeight Filter-0000
2025-07-31T22:13:15.388+0530 [DEBUG] [org.gradle.internal.remote.internal.inet.InetAddresses] Is this a loopback interface? false
2025-07-31T22:13:15.388+0530 [DEBUG] [org.gradle.internal.remote.internal.inet.InetAddresses] Adding IP addresses for network interface Intel(R) Wi-Fi 6 AX101-WFP Native MAC Layer LightWeight Filter-0000
2025-07-31T22:13:15.390+0530 [DEBUG] [org.gradle.internal.remote.internal.inet.InetAddresses] Is this a loopback interface? false
2025-07-31T22:13:15.390+0530 [DEBUG] [org.gradle.internal.remote.internal.inet.InetAddresses] Adding IP addresses for network interface Intel(R) Wi-Fi 6 AX101-Virtual WiFi Filter Driver-0000
2025-07-31T22:13:15.393+0530 [DEBUG] [org.gradle.internal.remote.internal.inet.InetAddresses] Is this a loopback interface? false
2025-07-31T22:13:15.393+0530 [DEBUG] [org.gradle.internal.remote.internal.inet.InetAddresses] Adding IP addresses for network interface Intel(R) Wi-Fi 6 AX101-Native WiFi Filter Driver-0000
2025-07-31T22:13:15.395+0530 [DEBUG] [org.gradle.internal.remote.internal.inet.InetAddresses] Is this a loopback interface? false
2025-07-31T22:13:15.395+0530 [DEBUG] [org.gradle.internal.remote.internal.inet.InetAddresses] Adding IP addresses for network interface Microsoft Wi-Fi Direct Virtual Adapter-Native WiFi Filter Driver-0000
2025-07-31T22:13:15.397+0530 [DEBUG] [org.gradle.internal.remote.internal.inet.InetAddresses] Is this a loopback interface? false
2025-07-31T22:13:15.398+0530 [DEBUG] [org.gradle.internal.remote.internal.inet.InetAddresses] Adding IP addresses for network interface Intel(R) Wi-Fi 6 AX101-WFP 802.3 MAC Layer LightWeight Filter-0000
2025-07-31T22:13:15.400+0530 [DEBUG] [org.gradle.internal.remote.internal.inet.InetAddresses] Is this a loopback interface? false
2025-07-31T22:13:15.400+0530 [DEBUG] [org.gradle.internal.remote.internal.inet.InetAddresses] Adding IP addresses for network interface Microsoft Wi-Fi Direct Virtual Adapter-QoS Packet Scheduler-0000
2025-07-31T22:13:15.403+0530 [DEBUG] [org.gradle.internal.remote.internal.inet.InetAddresses] Is this a loopback interface? false
2025-07-31T22:13:15.403+0530 [DEBUG] [org.gradle.internal.remote.internal.inet.InetAddresses] Adding IP addresses for network interface Microsoft Wi-Fi Direct Virtual Adapter-WFP 802.3 MAC Layer LightWeight Filter-0000
2025-07-31T22:13:15.405+0530 [DEBUG] [org.gradle.internal.remote.internal.inet.InetAddresses] Is this a loopback interface? false
2025-07-31T22:13:15.405+0530 [DEBUG] [org.gradle.internal.remote.internal.inet.InetAddresses] Adding IP addresses for network interface Hyper-V Virtual Ethernet Adapter-QoS Packet Scheduler-0000
2025-07-31T22:13:15.407+0530 [DEBUG] [org.gradle.internal.remote.internal.inet.InetAddresses] Is this a loopback interface? false
2025-07-31T22:13:15.407+0530 [DEBUG] [org.gradle.internal.remote.internal.inet.InetAddresses] Adding IP addresses for network interface Hyper-V Virtual Ethernet Adapter-WFP 802.3 MAC Layer LightWeight Filter-0000
2025-07-31T22:13:15.409+0530 [DEBUG] [org.gradle.internal.remote.internal.inet.InetAddresses] Is this a loopback interface? false
2025-07-31T22:13:15.410+0530 [DEBUG] [org.gradle.internal.remote.internal.inet.InetAddresses] Adding IP addresses for network interface Microsoft Wi-Fi Direct Virtual Adapter #2-WFP Native MAC Layer LightWeight Filter-0000
2025-07-31T22:13:15.412+0530 [DEBUG] [org.gradle.internal.remote.internal.inet.InetAddresses] Is this a loopback interface? false
2025-07-31T22:13:15.412+0530 [DEBUG] [org.gradle.internal.remote.internal.inet.InetAddresses] Adding IP addresses for network interface Microsoft Wi-Fi Direct Virtual Adapter #2-Native WiFi Filter Driver-0000
2025-07-31T22:13:15.414+0530 [DEBUG] [org.gradle.internal.remote.internal.inet.InetAddresses] Is this a loopback interface? false
2025-07-31T22:13:15.414+0530 [DEBUG] [org.gradle.internal.remote.internal.inet.InetAddresses] Adding IP addresses for network interface Microsoft Wi-Fi Direct Virtual Adapter #2-QoS Packet Scheduler-0000
2025-07-31T22:13:15.416+0530 [DEBUG] [org.gradle.internal.remote.internal.inet.InetAddresses] Is this a loopback interface? false
2025-07-31T22:13:15.416+0530 [DEBUG] [org.gradle.internal.remote.internal.inet.InetAddresses] Adding IP addresses for network interface Microsoft Wi-Fi Direct Virtual Adapter #2-WFP 802.3 MAC Layer LightWeight Filter-0000
2025-07-31T22:13:15.419+0530 [DEBUG] [org.gradle.internal.remote.internal.inet.InetAddresses] Is this a loopback interface? false
2025-07-31T22:13:15.426+0530 [DEBUG] [org.gradle.internal.remote.internal.inet.TcpIncomingConnector] Listening on [401faea7-7e97-4163-8494-2dbafb3b6330 port:51323, addresses:[localhost/127.0.0.1]].
2025-07-31T22:13:15.449+0530 [DEBUG] [org.gradle.launcher.daemon.server.Daemon] Daemon starting at: Thu Jul 31 22:13:15 IST 2025, with address: [401faea7-7e97-4163-8494-2dbafb3b6330 port:51323, addresses:[localhost/127.0.0.1]]
2025-07-31T22:13:15.449+0530 [INFO] [org.gradle.launcher.daemon.server.DaemonRegistryUpdater] Advertising the daemon address to the clients: [401faea7-7e97-4163-8494-2dbafb3b6330 port:51323, addresses:[localhost/127.0.0.1]]
2025-07-31T22:13:15.449+0530 [DEBUG] [org.gradle.launcher.daemon.server.DaemonRegistryUpdater] Advertised daemon context: DefaultDaemonContext[uid=56575f1a-ba12-4cfe-8135-1e1534ea418c,javaHome=C:\Program Files\Java\jdk-17,javaVersion=17,daemonRegistryDir=C:\Users\subra\AndroidStudioProjects\WeddingCraft\gradle\daemon,pid=4500,idleTimeout=10800000,priority=NORMAL,applyInstrumentationAgent=true,nativeServicesMode=ENABLED,daemonOpts=--add-opens=java.base/java.util=ALL-UNNAMED,--add-opens=java.base/java.lang=ALL-UNNAMED,--add-opens=java.base/java.lang.invoke=ALL-UNNAMED,--add-opens=java.prefs/java.util.prefs=ALL-UNNAMED,--add-exports=jdk.compiler/com.sun.tools.javac.api=ALL-UNNAMED,--add-exports=jdk.compiler/com.sun.tools.javac.util=ALL-UNNAMED,--add-opens=java.base/java.nio.charset=ALL-UNNAMED,--add-opens=java.base/java.net=ALL-UNNAMED,--add-opens=java.base/java.util.concurrent.atomic=ALL-UNNAMED,-Xmx2048m,-Dfile.encoding=UTF-8,-Duser.country=US,-Duser.language=en,-Duser.variant]
2025-07-31T22:13:15.451+0530 [DEBUG] [org.gradle.launcher.daemon.registry.PersistentDaemonRegistry] Storing daemon address: [401faea7-7e97-4163-8494-2dbafb3b6330 port:51323, addresses:[localhost/127.0.0.1]], context: DefaultDaemonContext[uid=56575f1a-ba12-4cfe-8135-1e1534ea418c,javaHome=C:\Program Files\Java\jdk-17,javaVersion=17,daemonRegistryDir=C:\Users\subra\AndroidStudioProjects\WeddingCraft\gradle\daemon,pid=4500,idleTimeout=10800000,priority=NORMAL,applyInstrumentationAgent=true,nativeServicesMode=ENABLED,daemonOpts=--add-opens=java.base/java.util=ALL-UNNAMED,--add-opens=java.base/java.lang=ALL-UNNAMED,--add-opens=java.base/java.lang.invoke=ALL-UNNAMED,--add-opens=java.prefs/java.util.prefs=ALL-UNNAMED,--add-exports=jdk.compiler/com.sun.tools.javac.api=ALL-UNNAMED,--add-exports=jdk.compiler/com.sun.tools.javac.util=ALL-UNNAMED,--add-opens=java.base/java.nio.charset=ALL-UNNAMED,--add-opens=java.base/java.net=ALL-UNNAMED,--add-opens=java.base/java.util.concurrent.atomic=ALL-UNNAMED,-Xmx2048m,-Dfile.encoding=UTF-8,-Duser.country=US,-Duser.language=en,-Duser.variant]
2025-07-31T22:13:15.472+0530 [DEBUG] [org.gradle.cache.internal.DefaultFileLockManager] Waiting to acquire exclusive lock on daemon addresses registry.
2025-07-31T22:13:15.477+0530 [DEBUG] [org.gradle.cache.internal.DefaultFileLockManager] Lock acquired on daemon addresses registry.
2025-07-31T22:13:15.485+0530 [DEBUG] [org.gradle.cache.internal.DefaultFileLockManager] Releasing lock on daemon addresses registry.
2025-07-31T22:13:15.486+0530 [LIFECYCLE] [org.gradle.launcher.daemon.server.Daemon] Daemon server started.
2025-07-31T22:13:15.488+0530 [DEBUG] [org.gradle.launcher.daemon.bootstrap.DaemonStartupCommunication] Completed writing the daemon greeting. Closing streams...
2025-07-31T22:13:15.499+0530 [DEBUG] [org.gradle.launcher.daemon.server.Daemon] stopOnExpiration() called on daemon
2025-07-31T22:13:15.500+0530 [DEBUG] [org.gradle.launcher.daemon.server.Daemon] awaitExpiration() called on daemon
2025-07-31T22:13:15.500+0530 [DEBUG] [org.gradle.launcher.daemon.server.DaemonStateCoordinator] daemon is running. Sleeping until state changes.
2025-07-31T22:13:15.517+0530 [DEBUG] [org.gradle.internal.remote.internal.inet.TcpIncomingConnector] Accepted connection from /127.0.0.1:51324 to /127.0.0.1:51323.
2025-07-31T22:13:15.602+0530 [DEBUG] [org.gradle.launcher.daemon.server.SynchronizedDispatchConnection] thread 22: received class org.gradle.launcher.daemon.protocol.Build
2025-07-31T22:13:15.602+0530 [DEBUG] [org.gradle.launcher.daemon.server.DefaultDaemonConnection] thread 22: Received non-IO message from client: Build{id=31b3ee2b-2a65-4c23-b21a-5160f93aee1d, currentDir=C:\Users\subra\AndroidStudioProjects\WeddingCraft}
2025-07-31T22:13:15.602+0530 [INFO] [org.gradle.launcher.daemon.server.DefaultIncomingConnectionHandler] Received command: Build{id=31b3ee2b-2a65-4c23-b21a-5160f93aee1d, currentDir=C:\Users\subra\AndroidStudioProjects\WeddingCraft}.
2025-07-31T22:13:15.603+0530 [DEBUG] [org.gradle.launcher.daemon.server.DefaultIncomingConnectionHandler] Starting executing command: Build{id=31b3ee2b-2a65-4c23-b21a-5160f93aee1d, currentDir=C:\Users\subra\AndroidStudioProjects\WeddingCraft} with connection: socket connection from /127.0.0.1:51323 to /127.0.0.1:51324.
2025-07-31T22:13:15.606+0530 [DEBUG] [org.gradle.launcher.daemon.server.DaemonStateCoordinator] Command execution: started DaemonCommandExecution[command = Build{id=31b3ee2b-2a65-4c23-b21a-5160f93aee1d, currentDir=C:\Users\subra\AndroidStudioProjects\WeddingCraft}, connection = DefaultDaemonConnection: socket connection from /127.0.0.1:51323 to /127.0.0.1:51324] after 0.005533333333333334 minutes of idle
2025-07-31T22:13:15.606+0530 [INFO] [org.gradle.launcher.daemon.server.DaemonRegistryUpdater] Marking the daemon as busy, address: [401faea7-7e97-4163-8494-2dbafb3b6330 port:51323, addresses:[localhost/127.0.0.1]]
2025-07-31T22:13:15.606+0530 [DEBUG] [org.gradle.launcher.daemon.registry.PersistentDaemonRegistry] Marking busy by address: [401faea7-7e97-4163-8494-2dbafb3b6330 port:51323, addresses:[localhost/127.0.0.1]]
2025-07-31T22:13:15.608+0530 [DEBUG] [org.gradle.cache.internal.DefaultFileLockManager] Waiting to acquire exclusive lock on daemon addresses registry.
2025-07-31T22:13:15.608+0530 [DEBUG] [org.gradle.cache.internal.DefaultFileLockManager] Lock acquired on daemon addresses registry.
2025-07-31T22:13:15.609+0530 [DEBUG] [org.gradle.cache.internal.DefaultFileLockManager] Releasing lock on daemon addresses registry.
2025-07-31T22:13:15.610+0530 [DEBUG] [org.gradle.launcher.daemon.server.DaemonStateCoordinator] resetting idle timer
2025-07-31T22:13:15.610+0530 [DEBUG] [org.gradle.launcher.daemon.server.DaemonStateCoordinator] daemon is running. Sleeping until state changes.
2025-07-31T22:13:15.611+0530 [INFO] [org.gradle.launcher.daemon.server.exec.StartBuildOrRespondWithBusy] Daemon is about to start building Build{id=31b3ee2b-2a65-4c23-b21a-5160f93aee1d, currentDir=C:\Users\subra\AndroidStudioProjects\WeddingCraft}. Dispatching build started information...
2025-07-31T22:13:15.612+0530 [DEBUG] [org.gradle.launcher.daemon.server.SynchronizedDispatchConnection] thread 24: dispatching org.gradle.launcher.daemon.protocol.BuildStarted@1d0bb194
2025-07-31T22:13:15.614+0530 [DEBUG] [org.gradle.launcher.daemon.server.exec.EstablishBuildEnvironment] Configuring env variables: [USERDOMAIN_ROAMINGPROFILE, PROCESSOR_LEVEL, SESSIONNAME, ALLUSERSPROFILE, PROCESSOR_ARCHITECTURE, PSModulePath, SystemDrive, adbw, USERNAME, ProgramFiles(x86), PATHEXT, DriverData, IntelliJ IDEA Community Edition, ProgramData, ProgramW6432, HOMEPATH, OPENSSL_LIB_DIR, PROCESSOR_IDENTIFIER, ProgramFiles, PUBLIC, EFC_10488_3789132940, windir, =::, ZES_ENABLE_SYSMAN, OPENSSL_CONF, IGCCSVC_DB, LOCALAPPDATA, ChocolateyLastPathUpdate, IntelliJ IDEA, USERDOMAIN, LOGONSERVER, JAVA_HOME, OPENSSL_INCLUDE_DIR, OPENSSL_MODULES, OPENSSL_ROOT_DIR, OneDrive, APPDATA, ChocolateyInstall, CommonProgramFiles, Path, OS, COMPUTERNAME, EFC_10488_1592913036, PROCESSOR_REVISION, CommonProgramW6432, ComSpec, TEMP, SystemRoot, HOMEDRIVE, USERPROFILE, TMP, CommonProgramFiles(x86), EFC_10488_1262719628, NUMBER_OF_PROCESSORS, EFC_10488_2283032206, EFC_10488_2775293581]
2025-07-31T22:13:15.620+0530 [DEBUG] [org.gradle.launcher.daemon.server.exec.LogToClient] About to start relaying all logs to the client via the connection.
2025-07-31T22:13:15.620+0530 [INFO] [org.gradle.launcher.daemon.server.exec.LogToClient] The client will now receive all logging from the daemon (pid: 4500). The daemon log file: C:\Users\subra\AndroidStudioProjects\WeddingCraft\gradle\daemon\8.9\daemon-4500.out.log
2025-07-31T22:13:15.622+0530 [INFO] [org.gradle.launcher.daemon.server.exec.LogAndCheckHealth] Starting build in new daemon [memory: 2 GiB]
2025-07-31T22:13:15.624+0530 [DEBUG] [org.gradle.launcher.daemon.server.exec.ExecuteBuild] The daemon has started executing the build.
2025-07-31T22:13:15.624+0530 [DEBUG] [org.gradle.launcher.daemon.server.exec.ExecuteBuild] Executing build with daemon context: DefaultDaemonContext[uid=56575f1a-ba12-4cfe-8135-1e1534ea418c,javaHome=C:\Program Files\Java\jdk-17,javaVersion=17,daemonRegistryDir=C:\Users\subra\AndroidStudioProjects\WeddingCraft\gradle\daemon,pid=4500,idleTimeout=10800000,priority=NORMAL,applyInstrumentationAgent=true,nativeServicesMode=ENABLED,daemonOpts=--add-opens=java.base/java.util=ALL-UNNAMED,--add-opens=java.base/java.lang=ALL-UNNAMED,--add-opens=java.base/java.lang.invoke=ALL-UNNAMED,--add-opens=java.prefs/java.util.prefs=ALL-UNNAMED,--add-exports=jdk.compiler/com.sun.tools.javac.api=ALL-UNNAMED,--add-exports=jdk.compiler/com.sun.tools.javac.util=ALL-UNNAMED,--add-opens=java.base/java.nio.charset=ALL-UNNAMED,--add-opens=java.base/java.net=ALL-UNNAMED,--add-opens=java.base/java.util.concurrent.atomic=ALL-UNNAMED,-Xmx2048m,-Dfile.encoding=UTF-8,-Duser.country=US,-Duser.language=en,-Duser.variant]
C:\Users\subra\AndroidStudioProjects\WeddingCraft\app\src\main\java\com\subu\viewmodel\WedCardEntity.java:8: warning: There are multiple good constructors and Room will pick the no-arg constructor. You can use the @Ignore annotation to eliminate unwanted constructors.
public class WedCardEntity {
       ^
C:\Users\subra\AndroidStudioProjects\WeddingCraft\app\src\main\java\com\subu\viewmodel\WedCardEntity.java:8: warning: There are multiple good constructors and Room will pick the no-arg constructor. You can use the @Ignore annotation to eliminate unwanted constructors.
public class WedCardEntity {
       ^
Note: C:\Users\subra\AndroidStudioProjects\WeddingCraft\app\src\main\java\com\subu\viewmodel\WeddingCraftDatabase.java uses or overrides a deprecated API.
Note: Recompile with -Xlint:deprecation for details.
2 warnings

BUILD SUCCESSFUL in 30s
34 actionable tasks: 5 executed, 29 up-to-date
2025-07-31T22:13:43.867+0530 [DEBUG] [org.gradle.launcher.daemon.server.exec.ExecuteBuild] The daemon has finished executing the build.
2025-07-31T22:13:43.884+0530 [DEBUG] [org.gradle.launcher.daemon.server.DaemonStateCoordinator] daemon is running. Sleeping until state changes.
2025-07-31T22:13:43.885+0530 [DEBUG] [org.gradle.launcher.daemon.server.DaemonStateCoordinator] Command execution: finished waiting for DaemonCommandExecution[command = Build{id=31b3ee2b-2a65-4c23-b21a-5160f93aee1d, currentDir=C:\Users\subra\AndroidStudioProjects\WeddingCraft}, connection = DefaultDaemonConnection: socket connection from /127.0.0.1:51323 to /127.0.0.1:51324]. Result org.gradle.launcher.daemon.server.DaemonStateCoordinator@2c960c32 with state Busy
2025-07-31T22:13:43.885+0530 [DEBUG] [org.gradle.launcher.daemon.server.DaemonStateCoordinator] Command execution: completed DaemonCommandExecution[command = Build{id=31b3ee2b-2a65-4c23-b21a-5160f93aee1d, currentDir=C:\Users\subra\AndroidStudioProjects\WeddingCraft}, connection = DefaultDaemonConnection: socket connection from /127.0.0.1:51323 to /127.0.0.1:51324]
2025-07-31T22:13:43.885+0530 [DEBUG] [org.gradle.launcher.daemon.server.DaemonStateCoordinator] resetting idle timer
2025-07-31T22:13:43.886+0530 [INFO] [org.gradle.launcher.daemon.server.DaemonRegistryUpdater] Marking the daemon as idle, address: [401faea7-7e97-4163-8494-2dbafb3b6330 port:51323, addresses:[localhost/127.0.0.1]]
2025-07-31T22:13:43.886+0530 [DEBUG] [org.gradle.launcher.daemon.registry.PersistentDaemonRegistry] Marking busy by address: [401faea7-7e97-4163-8494-2dbafb3b6330 port:51323, addresses:[localhost/127.0.0.1]]
2025-07-31T22:13:43.888+0530 [DEBUG] [org.gradle.cache.internal.DefaultFileLockManager] Waiting to acquire exclusive lock on daemon addresses registry.
2025-07-31T22:13:43.889+0530 [DEBUG] [org.gradle.cache.internal.DefaultFileLockManager] Lock acquired on daemon addresses registry.
2025-07-31T22:13:43.890+0530 [DEBUG] [org.gradle.cache.internal.DefaultFileLockManager] Releasing lock on daemon addresses registry.
2025-07-31T22:13:43.891+0530 [DEBUG] [org.gradle.launcher.daemon.server.DaemonStateCoordinator] daemon is running. Sleeping until state changes.
2025-07-31T22:13:43.891+0530 [DEBUG] [org.gradle.launcher.daemon.server.exec.ReturnResult] Daemon is dispatching the build result: Success[value=org.gradle.launcher.exec.BuildActionResult@215aa9c5]
2025-07-31T22:13:43.892+0530 [DEBUG] [org.gradle.launcher.daemon.server.SynchronizedDispatchConnection] thread 21: dispatching Success[value=org.gradle.launcher.exec.BuildActionResult@215aa9c5]
2025-07-31T22:13:43.893+0530 [DEBUG] [org.gradle.launcher.daemon.server.SynchronizedDispatchConnection] thread 22: received class org.gradle.launcher.daemon.protocol.CloseInput
2025-07-31T22:13:43.894+0530 [DEBUG] [org.gradle.launcher.daemon.server.DefaultDaemonConnection] thread 22: Received IO message from client: org.gradle.launcher.daemon.protocol.CloseInput@b0c7774
2025-07-31T22:13:43.894+0530 [DEBUG] [org.gradle.launcher.daemon.server.SynchronizedDispatchConnection] thread 22: received class org.gradle.launcher.daemon.protocol.Finished
2025-07-31T22:13:43.894+0530 [DEBUG] [org.gradle.launcher.daemon.server.DefaultDaemonConnection] thread 22: Received non-IO message from client: org.gradle.launcher.daemon.protocol.Finished@11e8f323
2025-07-31T22:13:43.894+0530 [DEBUG] [org.gradle.launcher.daemon.server.exec.CleanUpVirtualFileSystemAfterBuild] Cleaning virtual file system after build finished
2025-07-31T22:13:43.895+0530 [DEBUG] [org.gradle.launcher.daemon.server.DefaultIncomingConnectionHandler] Finishing executing command: Build{id=31b3ee2b-2a65-4c23-b21a-5160f93aee1d, currentDir=C:\Users\subra\AndroidStudioProjects\WeddingCraft}
2025-07-31T22:13:43.895+0530 [DEBUG] [org.gradle.launcher.daemon.server.DefaultIncomingConnectionHandler] Received finished message: org.gradle.launcher.daemon.protocol.Finished@11e8f323
2025-07-31T22:13:43.895+0530 [DEBUG] [org.gradle.internal.remote.internal.inet.SocketConnection] Discarding EOFException: java.io.EOFException
2025-07-31T22:13:43.895+0530 [DEBUG] [org.gradle.launcher.daemon.server.SynchronizedDispatchConnection] thread 22: received null
2025-07-31T22:13:43.896+0530 [DEBUG] [org.gradle.launcher.daemon.server.DefaultDaemonConnection] thread 22: Received end-of-input from client.
2025-07-31T22:13:43.895+0530 [DEBUG] [org.gradle.launcher.daemon.server.SynchronizedDispatchConnection] thread 21: stopping connection
2025-07-31T22:13:43.897+0530 [DEBUG] [org.gradle.launcher.daemon.server.SynchronizedDispatchConnection] thread 21: stopping connection
2025-07-31T22:13:44.655+0530 [DEBUG] [org.gradle.process.internal.health.memory.DefaultMemoryManager] 824756633 physical memory requested, 644268032 free
2025-07-31T22:13:44.655+0530 [DEBUG] [org.gradle.workers.internal.WorkerDaemonExpiration] Will attempt to release 786 of memory
2025-07-31T22:13:44.656+0530 [DEBUG] [org.gradle.process.internal.health.memory.DefaultMemoryManager] 824756633 physical memory requested, 0 released, 644268032 free
2025-07-31T22:13:45.521+0530 [DEBUG] [org.gradle.cache.internal.DefaultFileLockManager] Waiting to acquire shared lock on daemon addresses registry.
2025-07-31T22:13:45.522+0530 [DEBUG] [org.gradle.cache.internal.DefaultFileLockManager] Lock acquired on daemon addresses registry.
2025-07-31T22:13:45.523+0530 [DEBUG] [org.gradle.cache.internal.DefaultFileLockManager] Releasing lock on daemon addresses registry.
2025-07-31T22:13:45.527+0530 [DEBUG] [org.gradle.cache.internal.DefaultFileLockManager] Waiting to acquire shared lock on daemon addresses registry.
2025-07-31T22:13:45.528+0530 [DEBUG] [org.gradle.cache.internal.DefaultFileLockManager] Lock acquired on daemon addresses registry.
2025-07-31T22:13:45.529+0530 [DEBUG] [org.gradle.cache.internal.DefaultFileLockManager] Releasing lock on daemon addresses registry.
2025-07-31T22:13:49.655+0530 [DEBUG] [org.gradle.process.internal.health.memory.DefaultMemoryManager] 824756633 physical memory requested, 756293632 free
2025-07-31T22:13:49.656+0530 [DEBUG] [org.gradle.workers.internal.WorkerDaemonExpiration] Will attempt to release 786 of memory
2025-07-31T22:13:49.656+0530 [DEBUG] [org.gradle.process.internal.health.memory.DefaultMemoryManager] 824756633 physical memory requested, 0 released, 756293632 free
2025-07-31T22:13:54.648+0530 [DEBUG] [org.gradle.process.internal.health.memory.DefaultMemoryManager] 824756633 physical memory requested, 716562432 free
2025-07-31T22:13:54.648+0530 [DEBUG] [org.gradle.workers.internal.WorkerDaemonExpiration] Will attempt to release 786 of memory
2025-07-31T22:13:54.648+0530 [DEBUG] [org.gradle.process.internal.health.memory.DefaultMemoryManager] 824756633 physical memory requested, 0 released, 716562432 free
2025-07-31T22:13:55.511+0530 [DEBUG] [org.gradle.cache.internal.DefaultFileLockManager] Waiting to acquire shared lock on daemon addresses registry.
2025-07-31T22:13:55.511+0530 [DEBUG] [org.gradle.cache.internal.DefaultFileLockManager] Lock acquired on daemon addresses registry.
2025-07-31T22:13:55.512+0530 [DEBUG] [org.gradle.cache.internal.DefaultFileLockManager] Releasing lock on daemon addresses registry.
2025-07-31T22:13:55.513+0530 [DEBUG] [org.gradle.cache.internal.DefaultFileLockManager] Waiting to acquire shared lock on daemon addresses registry.
2025-07-31T22:13:55.513+0530 [DEBUG] [org.gradle.cache.internal.DefaultFileLockManager] Lock acquired on daemon addresses registry.
2025-07-31T22:13:55.514+0530 [DEBUG] [org.gradle.cache.internal.DefaultFileLockManager] Releasing lock on daemon addresses registry.
2025-07-31T22:13:55.515+0530 [DEBUG] [org.gradle.cache.internal.DefaultFileLockManager] Waiting to acquire shared lock on daemon addresses registry.
2025-07-31T22:13:55.515+0530 [DEBUG] [org.gradle.cache.internal.DefaultFileLockManager] Lock acquired on daemon addresses registry.
2025-07-31T22:13:55.516+0530 [DEBUG] [org.gradle.cache.internal.DefaultFileLockManager] Releasing lock on daemon addresses registry.
2025-07-31T22:13:59.650+0530 [DEBUG] [org.gradle.process.internal.health.memory.DefaultMemoryManager] 824756633 physical memory requested, 733683712 free
2025-07-31T22:13:59.650+0530 [DEBUG] [org.gradle.workers.internal.WorkerDaemonExpiration] Will attempt to release 786 of memory
2025-07-31T22:13:59.650+0530 [DEBUG] [org.gradle.process.internal.health.memory.DefaultMemoryManager] 824756633 physical memory requested, 0 released, 733683712 free
2025-07-31T22:14:04.649+0530 [DEBUG] [org.gradle.process.internal.health.memory.DefaultMemoryManager] 824756633 physical memory requested, 727605248 free
2025-07-31T22:14:04.649+0530 [DEBUG] [org.gradle.workers.internal.WorkerDaemonExpiration] Will attempt to release 786 of memory
2025-07-31T22:14:04.649+0530 [DEBUG] [org.gradle.process.internal.health.memory.DefaultMemoryManager] 824756633 physical memory requested, 0 released, 727605248 free
2025-07-31T22:14:05.502+0530 [DEBUG] [org.gradle.cache.internal.DefaultFileLockManager] Waiting to acquire shared lock on daemon addresses registry.
2025-07-31T22:14:05.503+0530 [DEBUG] [org.gradle.cache.internal.DefaultFileLockManager] Lock acquired on daemon addresses registry.
2025-07-31T22:14:05.503+0530 [DEBUG] [org.gradle.cache.internal.DefaultFileLockManager] Releasing lock on daemon addresses registry.
2025-07-31T22:14:05.504+0530 [DEBUG] [org.gradle.cache.internal.DefaultFileLockManager] Waiting to acquire shared lock on daemon addresses registry.
2025-07-31T22:14:05.505+0530 [DEBUG] [org.gradle.cache.internal.DefaultFileLockManager] Lock acquired on daemon addresses registry.
2025-07-31T22:14:05.505+0530 [DEBUG] [org.gradle.cache.internal.DefaultFileLockManager] Releasing lock on daemon addresses registry.
2025-07-31T22:14:05.506+0530 [DEBUG] [org.gradle.cache.internal.DefaultFileLockManager] Waiting to acquire shared lock on daemon addresses registry.
2025-07-31T22:14:05.506+0530 [DEBUG] [org.gradle.cache.internal.DefaultFileLockManager] Lock acquired on daemon addresses registry.
2025-07-31T22:14:05.507+0530 [DEBUG] [org.gradle.cache.internal.DefaultFileLockManager] Releasing lock on daemon addresses registry.
2025-07-31T22:14:09.654+0530 [DEBUG] [org.gradle.process.internal.health.memory.DefaultMemoryManager] 824756633 physical memory requested, 731291648 free
2025-07-31T22:14:09.654+0530 [DEBUG] [org.gradle.workers.internal.WorkerDaemonExpiration] Will attempt to release 786 of memory
2025-07-31T22:14:09.654+0530 [DEBUG] [org.gradle.process.internal.health.memory.DefaultMemoryManager] 824756633 physical memory requested, 0 released, 731291648 free
2025-07-31T22:14:14.656+0530 [DEBUG] [org.gradle.process.internal.health.memory.DefaultMemoryManager] 824756633 physical memory requested, 731078656 free
2025-07-31T22:14:14.656+0530 [DEBUG] [org.gradle.workers.internal.WorkerDaemonExpiration] Will attempt to release 786 of memory
2025-07-31T22:14:14.657+0530 [DEBUG] [org.gradle.process.internal.health.memory.DefaultMemoryManager] 824756633 physical memory requested, 0 released, 731078656 free
2025-07-31T22:14:15.503+0530 [DEBUG] [org.gradle.cache.internal.DefaultFileLockManager] Waiting to acquire shared lock on daemon addresses registry.
2025-07-31T22:14:15.503+0530 [DEBUG] [org.gradle.cache.internal.DefaultFileLockManager] Lock acquired on daemon addresses registry.
2025-07-31T22:14:15.504+0530 [DEBUG] [org.gradle.cache.internal.DefaultFileLockManager] Releasing lock on daemon addresses registry.
2025-07-31T22:14:15.506+0530 [DEBUG] [org.gradle.cache.internal.DefaultFileLockManager] Waiting to acquire shared lock on daemon addresses registry.
2025-07-31T22:14:15.507+0530 [DEBUG] [org.gradle.cache.internal.DefaultFileLockManager] Lock acquired on daemon addresses registry.
2025-07-31T22:14:15.507+0530 [DEBUG] [org.gradle.cache.internal.DefaultFileLockManager] Releasing lock on daemon addresses registry.
2025-07-31T22:14:15.509+0530 [DEBUG] [org.gradle.cache.internal.DefaultFileLockManager] Waiting to acquire shared lock on daemon addresses registry.
2025-07-31T22:14:15.509+0530 [DEBUG] [org.gradle.cache.internal.DefaultFileLockManager] Lock acquired on daemon addresses registry.
2025-07-31T22:14:15.509+0530 [DEBUG] [org.gradle.cache.internal.DefaultFileLockManager] Releasing lock on daemon addresses registry.
2025-07-31T22:14:19.648+0530 [DEBUG] [org.gradle.process.internal.health.memory.DefaultMemoryManager] 824756633 physical memory requested, 687316992 free
2025-07-31T22:14:19.649+0530 [DEBUG] [org.gradle.workers.internal.WorkerDaemonExpiration] Will attempt to release 786 of memory
2025-07-31T22:14:19.649+0530 [DEBUG] [org.gradle.process.internal.health.memory.DefaultMemoryManager] 824756633 physical memory requested, 0 released, 687316992 free
2025-07-31T22:14:24.646+0530 [DEBUG] [org.gradle.process.internal.health.memory.DefaultMemoryManager] 824756633 physical memory requested, 718135296 free
2025-07-31T22:14:24.646+0530 [DEBUG] [org.gradle.workers.internal.WorkerDaemonExpiration] Will attempt to release 786 of memory
2025-07-31T22:14:24.647+0530 [DEBUG] [org.gradle.process.internal.health.memory.DefaultMemoryManager] 824756633 physical memory requested, 0 released, 718135296 free
2025-07-31T22:14:25.517+0530 [DEBUG] [org.gradle.cache.internal.DefaultFileLockManager] Waiting to acquire shared lock on daemon addresses registry.
2025-07-31T22:14:25.517+0530 [DEBUG] [org.gradle.cache.internal.DefaultFileLockManager] Lock acquired on daemon addresses registry.
2025-07-31T22:14:25.518+0530 [DEBUG] [org.gradle.cache.internal.DefaultFileLockManager] Releasing lock on daemon addresses registry.
2025-07-31T22:14:25.519+0530 [DEBUG] [org.gradle.cache.internal.DefaultFileLockManager] Waiting to acquire shared lock on daemon addresses registry.
2025-07-31T22:14:25.520+0530 [DEBUG] [org.gradle.cache.internal.DefaultFileLockManager] Lock acquired on daemon addresses registry.
2025-07-31T22:14:25.520+0530 [DEBUG] [org.gradle.cache.internal.DefaultFileLockManager] Releasing lock on daemon addresses registry.
2025-07-31T22:14:25.521+0530 [DEBUG] [org.gradle.cache.internal.DefaultFileLockManager] Waiting to acquire shared lock on daemon addresses registry.
2025-07-31T22:14:25.521+0530 [DEBUG] [org.gradle.cache.internal.DefaultFileLockManager] Lock acquired on daemon addresses registry.
2025-07-31T22:14:25.522+0530 [DEBUG] [org.gradle.cache.internal.DefaultFileLockManager] Releasing lock on daemon addresses registry.
2025-07-31T22:14:29.645+0530 [DEBUG] [org.gradle.process.internal.health.memory.DefaultMemoryManager] 824756633 physical memory requested, 722759680 free
2025-07-31T22:14:29.645+0530 [DEBUG] [org.gradle.workers.internal.WorkerDaemonExpiration] Will attempt to release 786 of memory
2025-07-31T22:14:29.646+0530 [DEBUG] [org.gradle.process.internal.health.memory.DefaultMemoryManager] 824756633 physical memory requested, 0 released, 722759680 free
2025-07-31T22:14:34.652+0530 [DEBUG] [org.gradle.process.internal.health.memory.DefaultMemoryManager] 824756633 physical memory requested, 723271680 free
2025-07-31T22:14:34.652+0530 [DEBUG] [org.gradle.workers.internal.WorkerDaemonExpiration] Will attempt to release 786 of memory
2025-07-31T22:14:34.652+0530 [DEBUG] [org.gradle.process.internal.health.memory.DefaultMemoryManager] 824756633 physical memory requested, 0 released, 723271680 free
2025-07-31T22:14:35.502+0530 [DEBUG] [org.gradle.cache.internal.DefaultFileLockManager] Waiting to acquire shared lock on daemon addresses registry.
2025-07-31T22:14:35.503+0530 [DEBUG] [org.gradle.cache.internal.DefaultFileLockManager] Lock acquired on daemon addresses registry.
2025-07-31T22:14:35.503+0530 [DEBUG] [org.gradle.cache.internal.DefaultFileLockManager] Releasing lock on daemon addresses registry.
2025-07-31T22:14:35.504+0530 [DEBUG] [org.gradle.cache.internal.DefaultFileLockManager] Waiting to acquire shared lock on daemon addresses registry.
2025-07-31T22:14:35.504+0530 [DEBUG] [org.gradle.cache.internal.DefaultFileLockManager] Lock acquired on daemon addresses registry.
2025-07-31T22:14:35.505+0530 [DEBUG] [org.gradle.cache.internal.DefaultFileLockManager] Releasing lock on daemon addresses registry.
2025-07-31T22:14:35.506+0530 [DEBUG] [org.gradle.cache.internal.DefaultFileLockManager] Waiting to acquire shared lock on daemon addresses registry.
2025-07-31T22:14:35.507+0530 [DEBUG] [org.gradle.cache.internal.DefaultFileLockManager] Lock acquired on daemon addresses registry.
2025-07-31T22:14:35.508+0530 [DEBUG] [org.gradle.cache.internal.DefaultFileLockManager] Releasing lock on daemon addresses registry.
2025-07-31T22:14:39.656+0530 [DEBUG] [org.gradle.process.internal.health.memory.DefaultMemoryManager] 824756633 physical memory requested, 720359424 free
2025-07-31T22:14:39.657+0530 [DEBUG] [org.gradle.workers.internal.WorkerDaemonExpiration] Will attempt to release 786 of memory
2025-07-31T22:14:39.657+0530 [DEBUG] [org.gradle.process.internal.health.memory.DefaultMemoryManager] 824756633 physical memory requested, 0 released, 720359424 free
2025-07-31T22:14:44.644+0530 [DEBUG] [org.gradle.process.internal.health.memory.DefaultMemoryManager] 824756633 physical memory requested, 718602240 free
2025-07-31T22:14:44.645+0530 [DEBUG] [org.gradle.workers.internal.WorkerDaemonExpiration] Will attempt to release 786 of memory
2025-07-31T22:14:44.645+0530 [DEBUG] [org.gradle.process.internal.health.memory.DefaultMemoryManager] 824756633 physical memory requested, 0 released, 718602240 free
2025-07-31T22:14:45.514+0530 [DEBUG] [org.gradle.cache.internal.DefaultFileLockManager] Waiting to acquire shared lock on daemon addresses registry.
2025-07-31T22:14:45.515+0530 [DEBUG] [org.gradle.cache.internal.DefaultFileLockManager] Lock acquired on daemon addresses registry.
2025-07-31T22:14:45.515+0530 [DEBUG] [org.gradle.cache.internal.DefaultFileLockManager] Releasing lock on daemon addresses registry.
2025-07-31T22:14:45.516+0530 [DEBUG] [org.gradle.cache.internal.DefaultFileLockManager] Waiting to acquire shared lock on daemon addresses registry.
2025-07-31T22:14:45.516+0530 [DEBUG] [org.gradle.cache.internal.DefaultFileLockManager] Lock acquired on daemon addresses registry.
2025-07-31T22:14:45.517+0530 [DEBUG] [org.gradle.cache.internal.DefaultFileLockManager] Releasing lock on daemon addresses registry.
2025-07-31T22:14:45.518+0530 [DEBUG] [org.gradle.cache.internal.DefaultFileLockManager] Waiting to acquire shared lock on daemon addresses registry.
2025-07-31T22:14:45.518+0530 [DEBUG] [org.gradle.cache.internal.DefaultFileLockManager] Lock acquired on daemon addresses registry.
2025-07-31T22:14:45.518+0530 [DEBUG] [org.gradle.cache.internal.DefaultFileLockManager] Releasing lock on daemon addresses registry.
2025-07-31T22:14:49.654+0530 [DEBUG] [org.gradle.process.internal.health.memory.DefaultMemoryManager] 824756633 physical memory requested, 705531904 free
2025-07-31T22:14:49.654+0530 [DEBUG] [org.gradle.workers.internal.WorkerDaemonExpiration] Will attempt to release 786 of memory
2025-07-31T22:14:49.654+0530 [DEBUG] [org.gradle.process.internal.health.memory.DefaultMemoryManager] 824756633 physical memory requested, 0 released, 705531904 free
2025-07-31T22:14:54.644+0530 [DEBUG] [org.gradle.process.internal.health.memory.DefaultMemoryManager] 824756633 physical memory requested, 705630208 free
2025-07-31T22:14:54.644+0530 [DEBUG] [org.gradle.workers.internal.WorkerDaemonExpiration] Will attempt to release 786 of memory
2025-07-31T22:14:54.644+0530 [DEBUG] [org.gradle.process.internal.health.memory.DefaultMemoryManager] 824756633 physical memory requested, 0 released, 705630208 free
2025-07-31T22:14:55.506+0530 [DEBUG] [org.gradle.cache.internal.DefaultFileLockManager] Waiting to acquire shared lock on daemon addresses registry.
2025-07-31T22:14:55.507+0530 [DEBUG] [org.gradle.cache.internal.DefaultFileLockManager] Lock acquired on daemon addresses registry.
2025-07-31T22:14:55.507+0530 [DEBUG] [org.gradle.cache.internal.DefaultFileLockManager] Releasing lock on daemon addresses registry.
2025-07-31T22:14:55.509+0530 [DEBUG] [org.gradle.cache.internal.DefaultFileLockManager] Waiting to acquire shared lock on daemon addresses registry.
2025-07-31T22:14:55.510+0530 [DEBUG] [org.gradle.cache.internal.DefaultFileLockManager] Lock acquired on daemon addresses registry.
2025-07-31T22:14:55.510+0530 [DEBUG] [org.gradle.cache.internal.DefaultFileLockManager] Releasing lock on daemon addresses registry.
2025-07-31T22:14:55.512+0530 [DEBUG] [org.gradle.cache.internal.DefaultFileLockManager] Waiting to acquire shared lock on daemon addresses registry.
2025-07-31T22:14:55.512+0530 [DEBUG] [org.gradle.cache.internal.DefaultFileLockManager] Lock acquired on daemon addresses registry.
2025-07-31T22:14:55.512+0530 [DEBUG] [org.gradle.cache.internal.DefaultFileLockManager] Releasing lock on daemon addresses registry.
2025-07-31T22:14:59.650+0530 [DEBUG] [org.gradle.process.internal.health.memory.DefaultMemoryManager] 824756633 physical memory requested, 713191424 free
2025-07-31T22:14:59.650+0530 [DEBUG] [org.gradle.workers.internal.WorkerDaemonExpiration] Will attempt to release 786 of memory
2025-07-31T22:14:59.650+0530 [DEBUG] [org.gradle.process.internal.health.memory.DefaultMemoryManager] 824756633 physical memory requested, 0 released, 713191424 free
2025-07-31T22:15:04.651+0530 [DEBUG] [org.gradle.process.internal.health.memory.DefaultMemoryManager] 824756633 physical memory requested, 715968512 free
2025-07-31T22:15:04.651+0530 [DEBUG] [org.gradle.workers.internal.WorkerDaemonExpiration] Will attempt to release 786 of memory
2025-07-31T22:15:04.651+0530 [DEBUG] [org.gradle.process.internal.health.memory.DefaultMemoryManager] 824756633 physical memory requested, 0 released, 715968512 free
2025-07-31T22:15:05.516+0530 [DEBUG] [org.gradle.cache.internal.DefaultFileLockManager] Waiting to acquire shared lock on daemon addresses registry.
2025-07-31T22:15:05.517+0530 [DEBUG] [org.gradle.cache.internal.DefaultFileLockManager] Lock acquired on daemon addresses registry.
2025-07-31T22:15:05.517+0530 [DEBUG] [org.gradle.cache.internal.DefaultFileLockManager] Releasing lock on daemon addresses registry.
2025-07-31T22:15:05.519+0530 [DEBUG] [org.gradle.cache.internal.DefaultFileLockManager] Waiting to acquire shared lock on daemon addresses registry.
2025-07-31T22:15:05.520+0530 [DEBUG] [org.gradle.cache.internal.DefaultFileLockManager] Lock acquired on daemon addresses registry.
2025-07-31T22:15:05.521+0530 [DEBUG] [org.gradle.cache.internal.DefaultFileLockManager] Releasing lock on daemon addresses registry.
2025-07-31T22:15:05.522+0530 [DEBUG] [org.gradle.cache.internal.DefaultFileLockManager] Waiting to acquire shared lock on daemon addresses registry.
2025-07-31T22:15:05.522+0530 [DEBUG] [org.gradle.cache.internal.DefaultFileLockManager] Lock acquired on daemon addresses registry.
2025-07-31T22:15:05.523+0530 [DEBUG] [org.gradle.cache.internal.DefaultFileLockManager] Releasing lock on daemon addresses registry.
2025-07-31T22:15:09.645+0530 [DEBUG] [org.gradle.process.internal.health.memory.DefaultMemoryManager] 824756633 physical memory requested, 687099904 free
2025-07-31T22:15:09.645+0530 [DEBUG] [org.gradle.workers.internal.WorkerDaemonExpiration] Will attempt to release 786 of memory
2025-07-31T22:15:09.645+0530 [DEBUG] [org.gradle.process.internal.health.memory.DefaultMemoryManager] 824756633 physical memory requested, 0 released, 687099904 free
2025-07-31T22:15:14.649+0530 [DEBUG] [org.gradle.process.internal.health.memory.DefaultMemoryManager] 824756633 physical memory requested, 578527232 free
2025-07-31T22:15:14.649+0530 [DEBUG] [org.gradle.workers.internal.WorkerDaemonExpiration] Will attempt to release 786 of memory
2025-07-31T22:15:14.649+0530 [DEBUG] [org.gradle.process.internal.health.memory.DefaultMemoryManager] 824756633 physical memory requested, 0 released, 578527232 free
2025-07-31T22:15:15.504+0530 [DEBUG] [org.gradle.cache.internal.DefaultFileLockManager] Waiting to acquire shared lock on daemon addresses registry.
2025-07-31T22:15:15.505+0530 [DEBUG] [org.gradle.cache.internal.DefaultFileLockManager] Lock acquired on daemon addresses registry.
2025-07-31T22:15:15.505+0530 [DEBUG] [org.gradle.cache.internal.DefaultFileLockManager] Releasing lock on daemon addresses registry.
2025-07-31T22:15:15.507+0530 [DEBUG] [org.gradle.cache.internal.DefaultFileLockManager] Waiting to acquire shared lock on daemon addresses registry.
2025-07-31T22:15:15.508+0530 [DEBUG] [org.gradle.cache.internal.DefaultFileLockManager] Lock acquired on daemon addresses registry.
2025-07-31T22:15:15.508+0530 [DEBUG] [org.gradle.cache.internal.DefaultFileLockManager] Releasing lock on daemon addresses registry.
2025-07-31T22:15:15.510+0530 [DEBUG] [org.gradle.cache.internal.DefaultFileLockManager] Waiting to acquire shared lock on daemon addresses registry.
2025-07-31T22:15:15.510+0530 [DEBUG] [org.gradle.cache.internal.DefaultFileLockManager] Lock acquired on daemon addresses registry.
2025-07-31T22:15:15.511+0530 [DEBUG] [org.gradle.cache.internal.DefaultFileLockManager] Releasing lock on daemon addresses registry.
2025-07-31T22:15:25.509+0530 [DEBUG] [org.gradle.cache.internal.DefaultFileLockManager] Waiting to acquire shared lock on daemon addresses registry.
2025-07-31T22:15:25.509+0530 [DEBUG] [org.gradle.cache.internal.DefaultFileLockManager] Lock acquired on daemon addresses registry.
2025-07-31T22:15:25.510+0530 [DEBUG] [org.gradle.cache.internal.DefaultFileLockManager] Releasing lock on daemon addresses registry.
2025-07-31T22:15:25.511+0530 [DEBUG] [org.gradle.cache.internal.DefaultFileLockManager] Waiting to acquire shared lock on daemon addresses registry.
2025-07-31T22:15:25.511+0530 [DEBUG] [org.gradle.cache.internal.DefaultFileLockManager] Lock acquired on daemon addresses registry.
2025-07-31T22:15:25.512+0530 [DEBUG] [org.gradle.cache.internal.DefaultFileLockManager] Releasing lock on daemon addresses registry.
2025-07-31T22:15:25.513+0530 [DEBUG] [org.gradle.cache.internal.DefaultFileLockManager] Waiting to acquire shared lock on daemon addresses registry.
2025-07-31T22:15:25.513+0530 [DEBUG] [org.gradle.cache.internal.DefaultFileLockManager] Lock acquired on daemon addresses registry.
2025-07-31T22:15:25.514+0530 [DEBUG] [org.gradle.cache.internal.DefaultFileLockManager] Releasing lock on daemon addresses registry.
2025-07-31T22:15:35.512+0530 [DEBUG] [org.gradle.cache.internal.DefaultFileLockManager] Waiting to acquire shared lock on daemon addresses registry.
2025-07-31T22:15:35.513+0530 [DEBUG] [org.gradle.cache.internal.DefaultFileLockManager] Lock acquired on daemon addresses registry.
2025-07-31T22:15:35.513+0530 [DEBUG] [org.gradle.cache.internal.DefaultFileLockManager] Releasing lock on daemon addresses registry.
2025-07-31T22:15:35.514+0530 [DEBUG] [org.gradle.cache.internal.DefaultFileLockManager] Waiting to acquire shared lock on daemon addresses registry.
2025-07-31T22:15:35.515+0530 [DEBUG] [org.gradle.cache.internal.DefaultFileLockManager] Lock acquired on daemon addresses registry.
2025-07-31T22:15:35.515+0530 [DEBUG] [org.gradle.cache.internal.DefaultFileLockManager] Releasing lock on daemon addresses registry.
2025-07-31T22:15:35.517+0530 [DEBUG] [org.gradle.cache.internal.DefaultFileLockManager] Waiting to acquire shared lock on daemon addresses registry.
2025-07-31T22:15:35.517+0530 [DEBUG] [org.gradle.cache.internal.DefaultFileLockManager] Lock acquired on daemon addresses registry.
2025-07-31T22:15:35.517+0530 [DEBUG] [org.gradle.cache.internal.DefaultFileLockManager] Releasing lock on daemon addresses registry.
2025-07-31T22:15:45.510+0530 [DEBUG] [org.gradle.cache.internal.DefaultFileLockManager] Waiting to acquire shared lock on daemon addresses registry.
2025-07-31T22:15:45.511+0530 [DEBUG] [org.gradle.cache.internal.DefaultFileLockManager] Lock acquired on daemon addresses registry.
2025-07-31T22:15:45.511+0530 [DEBUG] [org.gradle.cache.internal.DefaultFileLockManager] Releasing lock on daemon addresses registry.
2025-07-31T22:15:45.512+0530 [DEBUG] [org.gradle.cache.internal.DefaultFileLockManager] Waiting to acquire shared lock on daemon addresses registry.
2025-07-31T22:15:45.513+0530 [DEBUG] [org.gradle.cache.internal.DefaultFileLockManager] Lock acquired on daemon addresses registry.
2025-07-31T22:15:45.513+0530 [DEBUG] [org.gradle.cache.internal.DefaultFileLockManager] Releasing lock on daemon addresses registry.
2025-07-31T22:15:45.515+0530 [DEBUG] [org.gradle.cache.internal.DefaultFileLockManager] Waiting to acquire shared lock on daemon addresses registry.
2025-07-31T22:15:45.515+0530 [DEBUG] [org.gradle.cache.internal.DefaultFileLockManager] Lock acquired on daemon addresses registry.
2025-07-31T22:15:45.515+0530 [DEBUG] [org.gradle.cache.internal.DefaultFileLockManager] Releasing lock on daemon addresses registry.
2025-07-31T22:15:55.508+0530 [DEBUG] [org.gradle.cache.internal.DefaultFileLockManager] Waiting to acquire shared lock on daemon addresses registry.
2025-07-31T22:15:55.509+0530 [DEBUG] [org.gradle.cache.internal.DefaultFileLockManager] Lock acquired on daemon addresses registry.
2025-07-31T22:15:55.509+0530 [DEBUG] [org.gradle.cache.internal.DefaultFileLockManager] Releasing lock on daemon addresses registry.
2025-07-31T22:15:55.511+0530 [DEBUG] [org.gradle.cache.internal.DefaultFileLockManager] Waiting to acquire shared lock on daemon addresses registry.
2025-07-31T22:15:55.511+0530 [DEBUG] [org.gradle.cache.internal.DefaultFileLockManager] Lock acquired on daemon addresses registry.
2025-07-31T22:15:55.511+0530 [DEBUG] [org.gradle.cache.internal.DefaultFileLockManager] Releasing lock on daemon addresses registry.
2025-07-31T22:15:55.513+0530 [DEBUG] [org.gradle.cache.internal.DefaultFileLockManager] Waiting to acquire shared lock on daemon addresses registry.
2025-07-31T22:15:55.513+0530 [DEBUG] [org.gradle.cache.internal.DefaultFileLockManager] Lock acquired on daemon addresses registry.
2025-07-31T22:15:55.513+0530 [DEBUG] [org.gradle.cache.internal.DefaultFileLockManager] Releasing lock on daemon addresses registry.
2025-07-31T22:16:05.511+0530 [DEBUG] [org.gradle.cache.internal.DefaultFileLockManager] Waiting to acquire shared lock on daemon addresses registry.
2025-07-31T22:16:05.511+0530 [DEBUG] [org.gradle.cache.internal.DefaultFileLockManager] Lock acquired on daemon addresses registry.
2025-07-31T22:16:05.511+0530 [DEBUG] [org.gradle.cache.internal.DefaultFileLockManager] Releasing lock on daemon addresses registry.
2025-07-31T22:16:05.512+0530 [DEBUG] [org.gradle.cache.internal.DefaultFileLockManager] Waiting to acquire shared lock on daemon addresses registry.
2025-07-31T22:16:05.513+0530 [DEBUG] [org.gradle.cache.internal.DefaultFileLockManager] Lock acquired on daemon addresses registry.
2025-07-31T22:16:05.513+0530 [DEBUG] [org.gradle.cache.internal.DefaultFileLockManager] Releasing lock on daemon addresses registry.
2025-07-31T22:16:05.514+0530 [DEBUG] [org.gradle.cache.internal.DefaultFileLockManager] Waiting to acquire shared lock on daemon addresses registry.
2025-07-31T22:16:05.514+0530 [DEBUG] [org.gradle.cache.internal.DefaultFileLockManager] Lock acquired on daemon addresses registry.
2025-07-31T22:16:05.514+0530 [DEBUG] [org.gradle.cache.internal.DefaultFileLockManager] Releasing lock on daemon addresses registry.
2025-07-31T22:16:15.517+0530 [DEBUG] [org.gradle.cache.internal.DefaultFileLockManager] Waiting to acquire shared lock on daemon addresses registry.
2025-07-31T22:16:15.517+0530 [DEBUG] [org.gradle.cache.internal.DefaultFileLockManager] Lock acquired on daemon addresses registry.
2025-07-31T22:16:15.517+0530 [DEBUG] [org.gradle.cache.internal.DefaultFileLockManager] Releasing lock on daemon addresses registry.
2025-07-31T22:16:15.519+0530 [DEBUG] [org.gradle.cache.internal.DefaultFileLockManager] Waiting to acquire shared lock on daemon addresses registry.
2025-07-31T22:16:15.519+0530 [DEBUG] [org.gradle.cache.internal.DefaultFileLockManager] Lock acquired on daemon addresses registry.
2025-07-31T22:16:15.519+0530 [DEBUG] [org.gradle.cache.internal.DefaultFileLockManager] Releasing lock on daemon addresses registry.
2025-07-31T22:16:15.520+0530 [DEBUG] [org.gradle.cache.internal.DefaultFileLockManager] Waiting to acquire shared lock on daemon addresses registry.
2025-07-31T22:16:15.521+0530 [DEBUG] [org.gradle.cache.internal.DefaultFileLockManager] Lock acquired on daemon addresses registry.
2025-07-31T22:16:15.521+0530 [DEBUG] [org.gradle.cache.internal.DefaultFileLockManager] Releasing lock on daemon addresses registry.
2025-07-31T22:16:25.509+0530 [DEBUG] [org.gradle.cache.internal.DefaultFileLockManager] Waiting to acquire shared lock on daemon addresses registry.
2025-07-31T22:16:25.509+0530 [DEBUG] [org.gradle.cache.internal.DefaultFileLockManager] Lock acquired on daemon addresses registry.
2025-07-31T22:16:25.509+0530 [DEBUG] [org.gradle.cache.internal.DefaultFileLockManager] Releasing lock on daemon addresses registry.
2025-07-31T22:16:25.511+0530 [DEBUG] [org.gradle.cache.internal.DefaultFileLockManager] Waiting to acquire shared lock on daemon addresses registry.
2025-07-31T22:16:25.511+0530 [DEBUG] [org.gradle.cache.internal.DefaultFileLockManager] Lock acquired on daemon addresses registry.
2025-07-31T22:16:25.512+0530 [DEBUG] [org.gradle.cache.internal.DefaultFileLockManager] Releasing lock on daemon addresses registry.
2025-07-31T22:16:25.513+0530 [DEBUG] [org.gradle.cache.internal.DefaultFileLockManager] Waiting to acquire shared lock on daemon addresses registry.
2025-07-31T22:16:25.513+0530 [DEBUG] [org.gradle.cache.internal.DefaultFileLockManager] Lock acquired on daemon addresses registry.
2025-07-31T22:16:25.514+0530 [DEBUG] [org.gradle.cache.internal.DefaultFileLockManager] Releasing lock on daemon addresses registry.
2025-07-31T22:16:35.514+0530 [DEBUG] [org.gradle.cache.internal.DefaultFileLockManager] Waiting to acquire shared lock on daemon addresses registry.
2025-07-31T22:16:35.514+0530 [DEBUG] [org.gradle.cache.internal.DefaultFileLockManager] Lock acquired on daemon addresses registry.
2025-07-31T22:16:35.514+0530 [DEBUG] [org.gradle.cache.internal.DefaultFileLockManager] Releasing lock on daemon addresses registry.
2025-07-31T22:16:35.515+0530 [DEBUG] [org.gradle.cache.internal.DefaultFileLockManager] Waiting to acquire shared lock on daemon addresses registry.
2025-07-31T22:16:35.516+0530 [DEBUG] [org.gradle.cache.internal.DefaultFileLockManager] Lock acquired on daemon addresses registry.
2025-07-31T22:16:35.516+0530 [DEBUG] [org.gradle.cache.internal.DefaultFileLockManager] Releasing lock on daemon addresses registry.
2025-07-31T22:16:35.517+0530 [DEBUG] [org.gradle.cache.internal.DefaultFileLockManager] Waiting to acquire shared lock on daemon addresses registry.
2025-07-31T22:16:35.517+0530 [DEBUG] [org.gradle.cache.internal.DefaultFileLockManager] Lock acquired on daemon addresses registry.
2025-07-31T22:16:35.518+0530 [DEBUG] [org.gradle.cache.internal.DefaultFileLockManager] Releasing lock on daemon addresses registry.
2025-07-31T22:16:45.515+0530 [DEBUG] [org.gradle.cache.internal.DefaultFileLockManager] Waiting to acquire shared lock on daemon addresses registry.
2025-07-31T22:16:45.516+0530 [DEBUG] [org.gradle.cache.internal.DefaultFileLockManager] Lock acquired on daemon addresses registry.
2025-07-31T22:16:45.516+0530 [DEBUG] [org.gradle.cache.internal.DefaultFileLockManager] Releasing lock on daemon addresses registry.
2025-07-31T22:16:45.517+0530 [DEBUG] [org.gradle.cache.internal.DefaultFileLockManager] Waiting to acquire shared lock on daemon addresses registry.
2025-07-31T22:16:45.518+0530 [DEBUG] [org.gradle.cache.internal.DefaultFileLockManager] Lock acquired on daemon addresses registry.
2025-07-31T22:16:45.518+0530 [DEBUG] [org.gradle.cache.internal.DefaultFileLockManager] Releasing lock on daemon addresses registry.
2025-07-31T22:16:45.519+0530 [DEBUG] [org.gradle.cache.internal.DefaultFileLockManager] Waiting to acquire shared lock on daemon addresses registry.
2025-07-31T22:16:45.519+0530 [DEBUG] [org.gradle.cache.internal.DefaultFileLockManager] Lock acquired on daemon addresses registry.
2025-07-31T22:16:45.520+0530 [DEBUG] [org.gradle.cache.internal.DefaultFileLockManager] Releasing lock on daemon addresses registry.
2025-07-31T22:16:55.511+0530 [DEBUG] [org.gradle.cache.internal.DefaultFileLockManager] Waiting to acquire shared lock on daemon addresses registry.
2025-07-31T22:16:55.511+0530 [DEBUG] [org.gradle.cache.internal.DefaultFileLockManager] Lock acquired on daemon addresses registry.
2025-07-31T22:16:55.511+0530 [DEBUG] [org.gradle.cache.internal.DefaultFileLockManager] Releasing lock on daemon addresses registry.
2025-07-31T22:16:55.514+0530 [DEBUG] [org.gradle.cache.internal.DefaultFileLockManager] Waiting to acquire shared lock on daemon addresses registry.
2025-07-31T22:16:55.514+0530 [DEBUG] [org.gradle.cache.internal.DefaultFileLockManager] Lock acquired on daemon addresses registry.
2025-07-31T22:16:55.514+0530 [DEBUG] [org.gradle.cache.internal.DefaultFileLockManager] Releasing lock on daemon addresses registry.
2025-07-31T22:16:55.516+0530 [DEBUG] [org.gradle.cache.internal.DefaultFileLockManager] Waiting to acquire shared lock on daemon addresses registry.
2025-07-31T22:16:55.516+0530 [DEBUG] [org.gradle.cache.internal.DefaultFileLockManager] Lock acquired on daemon addresses registry.
2025-07-31T22:16:55.516+0530 [DEBUG] [org.gradle.cache.internal.DefaultFileLockManager] Releasing lock on daemon addresses registry.
2025-07-31T22:17:05.510+0530 [DEBUG] [org.gradle.cache.internal.DefaultFileLockManager] Waiting to acquire shared lock on daemon addresses registry.
2025-07-31T22:17:05.511+0530 [DEBUG] [org.gradle.cache.internal.DefaultFileLockManager] Lock acquired on daemon addresses registry.
2025-07-31T22:17:05.511+0530 [DEBUG] [org.gradle.cache.internal.DefaultFileLockManager] Releasing lock on daemon addresses registry.
2025-07-31T22:17:05.512+0530 [DEBUG] [org.gradle.cache.internal.DefaultFileLockManager] Waiting to acquire shared lock on daemon addresses registry.
2025-07-31T22:17:05.513+0530 [DEBUG] [org.gradle.cache.internal.DefaultFileLockManager] Lock acquired on daemon addresses registry.
2025-07-31T22:17:05.513+0530 [DEBUG] [org.gradle.cache.internal.DefaultFileLockManager] Releasing lock on daemon addresses registry.
2025-07-31T22:17:05.516+0530 [DEBUG] [org.gradle.cache.internal.DefaultFileLockManager] Waiting to acquire shared lock on daemon addresses registry.
2025-07-31T22:17:05.516+0530 [DEBUG] [org.gradle.cache.internal.DefaultFileLockManager] Lock acquired on daemon addresses registry.
2025-07-31T22:17:05.517+0530 [DEBUG] [org.gradle.cache.internal.DefaultFileLockManager] Releasing lock on daemon addresses registry.
2025-07-31T22:17:15.512+0530 [DEBUG] [org.gradle.cache.internal.DefaultFileLockManager] Waiting to acquire shared lock on daemon addresses registry.
2025-07-31T22:17:15.512+0530 [DEBUG] [org.gradle.cache.internal.DefaultFileLockManager] Lock acquired on daemon addresses registry.
2025-07-31T22:17:15.513+0530 [DEBUG] [org.gradle.cache.internal.DefaultFileLockManager] Releasing lock on daemon addresses registry.
2025-07-31T22:17:15.514+0530 [DEBUG] [org.gradle.cache.internal.DefaultFileLockManager] Waiting to acquire shared lock on daemon addresses registry.
2025-07-31T22:17:15.514+0530 [DEBUG] [org.gradle.cache.internal.DefaultFileLockManager] Lock acquired on daemon addresses registry.
2025-07-31T22:17:15.514+0530 [DEBUG] [org.gradle.cache.internal.DefaultFileLockManager] Releasing lock on daemon addresses registry.
2025-07-31T22:17:15.516+0530 [DEBUG] [org.gradle.cache.internal.DefaultFileLockManager] Waiting to acquire shared lock on daemon addresses registry.
2025-07-31T22:17:15.517+0530 [DEBUG] [org.gradle.cache.internal.DefaultFileLockManager] Lock acquired on daemon addresses registry.
2025-07-31T22:17:15.517+0530 [DEBUG] [org.gradle.cache.internal.DefaultFileLockManager] Releasing lock on daemon addresses registry.
2025-07-31T22:17:17.365+0530 [DEBUG] [org.gradle.internal.remote.internal.inet.TcpIncomingConnector] Accepted connection from /127.0.0.1:51366 to /127.0.0.1:51323.
2025-07-31T22:17:17.373+0530 [DEBUG] [org.gradle.launcher.daemon.server.SynchronizedDispatchConnection] thread 157: received class org.gradle.launcher.daemon.protocol.StopWhenIdle
2025-07-31T22:17:17.373+0530 [DEBUG] [org.gradle.launcher.daemon.server.DefaultDaemonConnection] thread 157: Received non-IO message from client: StopWhenIdle[id=1ae5b652-875f-4c47-85d5-d19f7e86d83b]
2025-07-31T22:17:17.373+0530 [INFO] [org.gradle.launcher.daemon.server.DefaultIncomingConnectionHandler] Received command: StopWhenIdle[id=1ae5b652-875f-4c47-85d5-d19f7e86d83b].
2025-07-31T22:17:17.374+0530 [DEBUG] [org.gradle.launcher.daemon.server.DefaultIncomingConnectionHandler] Starting executing command: StopWhenIdle[id=1ae5b652-875f-4c47-85d5-d19f7e86d83b] with connection: socket connection from /127.0.0.1:51323 to /127.0.0.1:51366.
2025-07-31T22:17:17.374+0530 [DEBUG] [org.gradle.launcher.daemon.server.DaemonRegistryUpdater] Storing daemon stop event: stop command received
2025-07-31T22:17:17.376+0530 [DEBUG] [org.gradle.launcher.daemon.registry.PersistentDaemonRegistry] Storing daemon stop event with timestamp 1753980437375
2025-07-31T22:17:17.378+0530 [DEBUG] [org.gradle.cache.internal.DefaultFileLockManager] Waiting to acquire exclusive lock on daemon addresses registry.
2025-07-31T22:17:17.379+0530 [DEBUG] [org.gradle.cache.internal.DefaultFileLockManager] Lock acquired on daemon addresses registry.
2025-07-31T22:17:17.383+0530 [DEBUG] [org.gradle.cache.internal.DefaultFileLockManager] Releasing lock on daemon addresses registry.
2025-07-31T22:17:17.384+0530 [LIFECYCLE] [org.gradle.launcher.daemon.server.DaemonStateCoordinator] Daemon will be stopped at the end of the build stop command received
2025-07-31T22:17:17.384+0530 [DEBUG] [org.gradle.launcher.daemon.server.DaemonStateCoordinator] Marking daemon stopped due to stop command received. The daemon is not running a build
2025-07-31T22:17:17.385+0530 [DEBUG] [org.gradle.launcher.daemon.server.SynchronizedDispatchConnection] thread 156: dispatching Success[value=null]
2025-07-31T22:17:17.385+0530 [DEBUG] [org.gradle.launcher.daemon.server.DaemonStateCoordinator] daemon has stopped.
2025-07-31T22:17:17.385+0530 [DEBUG] [org.gradle.launcher.daemon.server.DefaultIncomingConnectionHandler] Finishing executing command: StopWhenIdle[id=1ae5b652-875f-4c47-85d5-d19f7e86d83b]
2025-07-31T22:17:17.385+0530 [DEBUG] [org.gradle.launcher.daemon.server.SynchronizedDispatchConnection] thread 157: received class org.gradle.launcher.daemon.protocol.Finished
2025-07-31T22:17:17.386+0530 [DEBUG] [org.gradle.launcher.daemon.server.DefaultDaemonConnection] thread 157: Received non-IO message from client: org.gradle.launcher.daemon.protocol.Finished@6d789161
2025-07-31T22:17:17.386+0530 [DEBUG] [org.gradle.launcher.daemon.server.DefaultIncomingConnectionHandler] Received finished message: org.gradle.launcher.daemon.protocol.Finished@6d789161
2025-07-31T22:17:17.386+0530 [DEBUG] [org.gradle.launcher.daemon.server.Daemon] stop() called on daemon
2025-07-31T22:17:17.386+0530 [DEBUG] [org.gradle.internal.remote.internal.inet.SocketConnection] Discarding EOFException: java.io.EOFException
2025-07-31T22:17:17.386+0530 [DEBUG] [org.gradle.launcher.daemon.server.SynchronizedDispatchConnection] thread 156: stopping connection
2025-07-31T22:17:17.386+0530 [DEBUG] [org.gradle.launcher.daemon.server.SynchronizedDispatchConnection] thread 157: received null
2025-07-31T22:17:17.386+0530 [INFO] [org.gradle.launcher.daemon.server.Daemon] Stop requested. Daemon is removing its presence from the registry...
2025-07-31T22:17:17.387+0530 [DEBUG] [org.gradle.launcher.daemon.server.DefaultDaemonConnection] thread 157: Received end-of-input from client.
2025-07-31T22:17:17.387+0530 [DEBUG] [org.gradle.launcher.daemon.server.DaemonRegistryUpdater] Removing our presence to clients, eg. removing this address from the registry: [401faea7-7e97-4163-8494-2dbafb3b6330 port:51323, addresses:[localhost/127.0.0.1]]
2025-07-31T22:17:17.387+0530 [DEBUG] [org.gradle.launcher.daemon.registry.PersistentDaemonRegistry] Removing daemon address: [401faea7-7e97-4163-8494-2dbafb3b6330 port:51323, addresses:[localhost/127.0.0.1]]
2025-07-31T22:17:17.387+0530 [DEBUG] [org.gradle.launcher.daemon.server.SynchronizedDispatchConnection] thread 156: stopping connection
2025-07-31T22:17:17.390+0530 [DEBUG] [org.gradle.cache.internal.DefaultFileLockManager] Waiting to acquire exclusive lock on daemon addresses registry.
2025-07-31T22:17:17.390+0530 [DEBUG] [org.gradle.cache.internal.DefaultFileLockManager] Lock acquired on daemon addresses registry.
2025-07-31T22:17:17.393+0530 [DEBUG] [org.gradle.cache.internal.DefaultFileLockManager] Releasing lock on daemon addresses registry.
2025-07-31T22:17:17.393+0530 [DEBUG] [org.gradle.launcher.daemon.server.DaemonRegistryUpdater] Address removed from registry.
2025-07-31T22:17:17.418+0530 [DEBUG] [org.gradle.cache.internal.DefaultCacheCleanupExecutor] jars (C:\Users\subra\AndroidStudioProjects\WeddingCraft\gradle\caches\jars-9) has last been fully cleaned up 30 hours ago
2025-07-31T22:17:17.419+0530 [DEBUG] [org.gradle.internal.operations.DefaultBuildOperationRunner] Build operation 'Clean up jars (C:\Users\subra\AndroidStudioProjects\WeddingCraft\gradle\caches\jars-9)' started
2025-07-31T22:17:17.424+0530 [INFO] [org.gradle.cache.internal.AbstractCacheCleanup] jars (C:\Users\subra\AndroidStudioProjects\WeddingCraft\gradle\caches\jars-9) cleanup deleted 0 files/directories.
2025-07-31T22:17:17.424+0530 [INFO] [org.gradle.cache.internal.LeastRecentlyUsedCacheCleanup] jars (C:\Users\subra\AndroidStudioProjects\WeddingCraft\gradle\caches\jars-9) removing files not accessed on or after Thu Jul 24 22:13:18 IST 2025.
2025-07-31T22:17:17.437+0530 [INFO] [org.gradle.cache.internal.AbstractCacheCleanup] jars (C:\Users\subra\AndroidStudioProjects\WeddingCraft\gradle\caches\jars-9) cleanup deleted 0 files/directories.
2025-07-31T22:17:17.437+0530 [INFO] [org.gradle.cache.internal.DefaultCacheCleanupExecutor] jars (C:\Users\subra\AndroidStudioProjects\WeddingCraft\gradle\caches\jars-9) cleaned up in 0.018 secs.
2025-07-31T22:17:17.438+0530 [DEBUG] [org.gradle.internal.operations.DefaultBuildOperationRunner] Completing Build operation 'Clean up jars (C:\Users\subra\AndroidStudioProjects\WeddingCraft\gradle\caches\jars-9)'
2025-07-31T22:17:17.438+0530 [DEBUG] [org.gradle.internal.operations.DefaultBuildOperationRunner] Build operation 'Clean up jars (C:\Users\subra\AndroidStudioProjects\WeddingCraft\gradle\caches\jars-9)' completed
2025-07-31T22:17:17.438+0530 [DEBUG] [org.gradle.cache.internal.DefaultCacheCoordinator] Cache jars (C:\Users\subra\AndroidStudioProjects\WeddingCraft\gradle\caches\jars-9) was closed 0 times.
2025-07-31T22:17:17.438+0530 [DEBUG] [org.gradle.cache.internal.LockOnDemandCrossProcessCacheAccess] Releasing file lock for file content cache (C:\Users\subra\AndroidStudioProjects\WeddingCraft\gradle\caches\8.9\fileContent)
2025-07-31T22:17:17.439+0530 [DEBUG] [org.gradle.cache.internal.btree.BTreePersistentIndexedCache] Closing cache annotation-processors.bin (C:\Users\subra\AndroidStudioProjects\WeddingCraft\gradle\caches\8.9\fileContent\annotation-processors.bin)
2025-07-31T22:17:17.439+0530 [DEBUG] [org.gradle.cache.internal.DefaultFileLockManager] Releasing lock on file content cache (C:\Users\subra\AndroidStudioProjects\WeddingCraft\gradle\caches\8.9\fileContent).
2025-07-31T22:17:17.440+0530 [DEBUG] [org.gradle.internal.watch.vfs.impl.WatchingVirtualFileSystem] Closing VFS, dropping state
2025-07-31T22:17:17.443+0530 [DEBUG] [org.gradle.cache.internal.LockOnDemandCrossProcessCacheAccess] Releasing file lock for Generated Gradle JARs cache (C:\Users\subra\AndroidStudioProjects\WeddingCraft\gradle\caches\8.9\generated-gradle-jars)
2025-07-31T22:17:17.443+0530 [DEBUG] [org.gradle.internal.watch.registry.impl.DefaultFileWatcherRegistry] Finished listening to file system change events
2025-07-31T22:17:17.443+0530 [DEBUG] [org.gradle.cache.internal.DefaultFileLockManager] Releasing lock on Generated Gradle JARs cache (C:\Users\subra\AndroidStudioProjects\WeddingCraft\gradle\caches\8.9\generated-gradle-jars).
2025-07-31T22:17:17.444+0530 [DEBUG] [org.gradle.cache.internal.LockOnDemandCrossProcessCacheAccess] Releasing file lock for artifact cache (C:\Users\subra\AndroidStudioProjects\WeddingCraft\gradle\caches\modules-2)
2025-07-31T22:17:17.444+0530 [DEBUG] [org.gradle.cache.internal.btree.BTreePersistentIndexedCache] Closing cache module-artifact.bin (C:\Users\subra\AndroidStudioProjects\WeddingCraft\gradle\caches\modules-2\metadata-2.106\module-artifact.bin)
2025-07-31T22:17:17.444+0530 [DEBUG] [org.gradle.cache.internal.btree.BTreePersistentIndexedCache] Closing cache module-metadata.bin (C:\Users\subra\AndroidStudioProjects\WeddingCraft\gradle\caches\modules-2\metadata-2.106\module-metadata.bin)
2025-07-31T22:17:17.445+0530 [DEBUG] [org.gradle.cache.internal.DefaultFileLockManager] Releasing lock on artifact cache (C:\Users\subra\AndroidStudioProjects\WeddingCraft\gradle\caches\modules-2).
2025-07-31T22:17:17.447+0530 [DEBUG] [org.gradle.cache.internal.DefaultCacheCleanupExecutor] artifact cache (C:\Users\subra\AndroidStudioProjects\WeddingCraft\gradle\caches\modules-2) has last been fully cleaned up 30 hours ago
2025-07-31T22:17:17.447+0530 [DEBUG] [org.gradle.internal.operations.DefaultBuildOperationRunner] Build operation 'Clean up artifact cache (C:\Users\subra\AndroidStudioProjects\WeddingCraft\gradle\caches\modules-2)' started
2025-07-31T22:17:17.450+0530 [INFO] [org.gradle.cache.internal.AbstractCacheCleanup] artifact cache (C:\Users\subra\AndroidStudioProjects\WeddingCraft\gradle\caches\modules-2) cleanup deleted 0 files/directories.
2025-07-31T22:17:17.452+0530 [INFO] [org.gradle.cache.internal.AbstractCacheCleanup] artifact cache (C:\Users\subra\AndroidStudioProjects\WeddingCraft\gradle\caches\modules-2) [subdir: C:\Users\subra\AndroidStudioProjects\WeddingCraft\gradle\caches\modules-2\resources-2.1] cleanup deleted 0 files/directories.
2025-07-31T22:17:17.452+0530 [INFO] [org.gradle.cache.internal.LeastRecentlyUsedCacheCleanup] artifact cache (C:\Users\subra\AndroidStudioProjects\WeddingCraft\gradle\caches\modules-2) [subdir: C:\Users\subra\AndroidStudioProjects\WeddingCraft\gradle\caches\modules-2\resources-2.1] removing files not accessed on or after Tue Jul 01 22:13:18 IST 2025.
2025-07-31T22:17:17.453+0530 [INFO] [org.gradle.cache.internal.AbstractCacheCleanup] artifact cache (C:\Users\subra\AndroidStudioProjects\WeddingCraft\gradle\caches\modules-2) [subdir: C:\Users\subra\AndroidStudioProjects\WeddingCraft\gradle\caches\modules-2\resources-2.1] cleanup deleted 0 files/directories.
2025-07-31T22:17:17.454+0530 [INFO] [org.gradle.cache.internal.AbstractCacheCleanup] artifact cache (C:\Users\subra\AndroidStudioProjects\WeddingCraft\gradle\caches\modules-2) [subdir: C:\Users\subra\AndroidStudioProjects\WeddingCraft\gradle\caches\modules-2\files-2.1] cleanup deleted 0 files/directories.
2025-07-31T22:17:17.454+0530 [INFO] [org.gradle.cache.internal.LeastRecentlyUsedCacheCleanup] artifact cache (C:\Users\subra\AndroidStudioProjects\WeddingCraft\gradle\caches\modules-2) [subdir: C:\Users\subra\AndroidStudioProjects\WeddingCraft\gradle\caches\modules-2\files-2.1] removing files not accessed on or after Tue Jul 01 22:13:18 IST 2025.
2025-07-31T22:17:17.755+0530 [INFO] [org.gradle.cache.internal.AbstractCacheCleanup] artifact cache (C:\Users\subra\AndroidStudioProjects\WeddingCraft\gradle\caches\modules-2) [subdir: C:\Users\subra\AndroidStudioProjects\WeddingCraft\gradle\caches\modules-2\files-2.1] cleanup deleted 0 files/directories.
2025-07-31T22:17:17.757+0530 [INFO] [org.gradle.cache.internal.AbstractCacheCleanup] artifact cache (C:\Users\subra\AndroidStudioProjects\WeddingCraft\gradle\caches\modules-2) [subdir: C:\Users\subra\AndroidStudioProjects\WeddingCraft\gradle\caches\modules-2\metadata-2.106] cleanup deleted 0 files/directories.
2025-07-31T22:17:17.758+0530 [INFO] [org.gradle.cache.internal.AbstractCacheCleanup] artifact cache (C:\Users\subra\AndroidStudioProjects\WeddingCraft\gradle\caches\modules-2) cleanup deleted 0 files/directories.
2025-07-31T22:17:17.759+0530 [INFO] [org.gradle.cache.internal.DefaultCacheCleanupExecutor] artifact cache (C:\Users\subra\AndroidStudioProjects\WeddingCraft\gradle\caches\modules-2) cleaned up in 0.311 secs.
2025-07-31T22:17:17.759+0530 [DEBUG] [org.gradle.internal.operations.DefaultBuildOperationRunner] Completing Build operation 'Clean up artifact cache (C:\Users\subra\AndroidStudioProjects\WeddingCraft\gradle\caches\modules-2)'
2025-07-31T22:17:17.759+0530 [DEBUG] [org.gradle.internal.operations.DefaultBuildOperationRunner] Build operation 'Clean up artifact cache (C:\Users\subra\AndroidStudioProjects\WeddingCraft\gradle\caches\modules-2)' completed
2025-07-31T22:17:17.760+0530 [DEBUG] [org.gradle.cache.internal.DefaultCacheCleanupExecutor] groovy-dsl (C:\Users\subra\AndroidStudioProjects\WeddingCraft\gradle\caches\8.9\groovy-dsl) has last been fully cleaned up 30 hours ago
2025-07-31T22:17:17.760+0530 [DEBUG] [org.gradle.internal.operations.DefaultBuildOperationRunner] Build operation 'Clean up groovy-dsl (C:\Users\subra\AndroidStudioProjects\WeddingCraft\gradle\caches\8.9\groovy-dsl)' started
2025-07-31T22:17:17.761+0530 [INFO] [org.gradle.cache.internal.LeastRecentlyUsedCacheCleanup] groovy-dsl (C:\Users\subra\AndroidStudioProjects\WeddingCraft\gradle\caches\8.9\groovy-dsl) removing files not accessed on or after Thu Jul 24 22:13:18 IST 2025.
2025-07-31T22:17:17.763+0530 [INFO] [org.gradle.cache.internal.AbstractCacheCleanup] groovy-dsl (C:\Users\subra\AndroidStudioProjects\WeddingCraft\gradle\caches\8.9\groovy-dsl) cleanup deleted 0 files/directories.
2025-07-31T22:17:17.764+0530 [INFO] [org.gradle.cache.internal.DefaultCacheCleanupExecutor] groovy-dsl (C:\Users\subra\AndroidStudioProjects\WeddingCraft\gradle\caches\8.9\groovy-dsl) cleaned up in 0.003 secs.
2025-07-31T22:17:17.764+0530 [DEBUG] [org.gradle.internal.operations.DefaultBuildOperationRunner] Completing Build operation 'Clean up groovy-dsl (C:\Users\subra\AndroidStudioProjects\WeddingCraft\gradle\caches\8.9\groovy-dsl)'
2025-07-31T22:17:17.764+0530 [DEBUG] [org.gradle.internal.operations.DefaultBuildOperationRunner] Build operation 'Clean up groovy-dsl (C:\Users\subra\AndroidStudioProjects\WeddingCraft\gradle\caches\8.9\groovy-dsl)' completed
2025-07-31T22:17:17.765+0530 [DEBUG] [org.gradle.cache.internal.DefaultCacheCoordinator] Cache groovy-dsl (C:\Users\subra\AndroidStudioProjects\WeddingCraft\gradle\caches\8.9\groovy-dsl) was closed 0 times.
2025-07-31T22:17:17.765+0530 [DEBUG] [org.gradle.cache.internal.DefaultCacheCleanupExecutor] Artifact transforms cache (C:\Users\subra\AndroidStudioProjects\WeddingCraft\gradle\caches\8.9\transforms) has last been fully cleaned up 30 hours ago
2025-07-31T22:17:17.766+0530 [DEBUG] [org.gradle.internal.operations.DefaultBuildOperationRunner] Build operation 'Clean up Artifact transforms cache (C:\Users\subra\AndroidStudioProjects\WeddingCraft\gradle\caches\8.9\transforms)' started
2025-07-31T22:17:17.766+0530 [INFO] [org.gradle.cache.internal.LeastRecentlyUsedCacheCleanup] Artifact transforms cache (C:\Users\subra\AndroidStudioProjects\WeddingCraft\gradle\caches\8.9\transforms) removing files not accessed on or after Thu Jul 24 22:13:18 IST 2025.
2025-07-31T22:17:22.729+0530 [INFO] [org.gradle.cache.internal.AbstractCacheCleanup] Artifact transforms cache (C:\Users\subra\AndroidStudioProjects\WeddingCraft\gradle\caches\8.9\transforms) cleanup deleted 519 files/directories.
2025-07-31T22:17:22.730+0530 [INFO] [org.gradle.cache.internal.DefaultCacheCleanupExecutor] Artifact transforms cache (C:\Users\subra\AndroidStudioProjects\WeddingCraft\gradle\caches\8.9\transforms) cleaned up in 4.964 secs.
2025-07-31T22:17:22.730+0530 [DEBUG] [org.gradle.internal.operations.DefaultBuildOperationRunner] Completing Build operation 'Clean up Artifact transforms cache (C:\Users\subra\AndroidStudioProjects\WeddingCraft\gradle\caches\8.9\transforms)'
2025-07-31T22:17:22.730+0530 [DEBUG] [org.gradle.internal.operations.DefaultBuildOperationRunner] Build operation 'Clean up Artifact transforms cache (C:\Users\subra\AndroidStudioProjects\WeddingCraft\gradle\caches\8.9\transforms)' completed
2025-07-31T22:17:22.730+0530 [DEBUG] [org.gradle.cache.internal.DefaultCacheCoordinator] Cache Artifact transforms cache (C:\Users\subra\AndroidStudioProjects\WeddingCraft\gradle\caches\8.9\transforms) was closed 0 times.
2025-07-31T22:17:22.731+0530 [DEBUG] [org.gradle.cache.internal.DefaultCacheCleanupExecutor] kotlin-dsl (C:\Users\subra\AndroidStudioProjects\WeddingCraft\gradle\caches\8.9\kotlin-dsl) has last been fully cleaned up 30 hours ago
2025-07-31T22:17:22.731+0530 [DEBUG] [org.gradle.internal.operations.DefaultBuildOperationRunner] Build operation 'Clean up kotlin-dsl (C:\Users\subra\AndroidStudioProjects\WeddingCraft\gradle\caches\8.9\kotlin-dsl)' started
2025-07-31T22:17:22.731+0530 [INFO] [org.gradle.cache.internal.LeastRecentlyUsedCacheCleanup] kotlin-dsl (C:\Users\subra\AndroidStudioProjects\WeddingCraft\gradle\caches\8.9\kotlin-dsl) removing files not accessed on or after Thu Jul 24 22:13:18 IST 2025.
2025-07-31T22:17:22.733+0530 [INFO] [org.gradle.cache.internal.AbstractCacheCleanup] kotlin-dsl (C:\Users\subra\AndroidStudioProjects\WeddingCraft\gradle\caches\8.9\kotlin-dsl) cleanup deleted 0 files/directories.
2025-07-31T22:17:22.733+0530 [INFO] [org.gradle.cache.internal.DefaultCacheCleanupExecutor] kotlin-dsl (C:\Users\subra\AndroidStudioProjects\WeddingCraft\gradle\caches\8.9\kotlin-dsl) cleaned up in 0.002 secs.
2025-07-31T22:17:22.734+0530 [DEBUG] [org.gradle.internal.operations.DefaultBuildOperationRunner] Completing Build operation 'Clean up kotlin-dsl (C:\Users\subra\AndroidStudioProjects\WeddingCraft\gradle\caches\8.9\kotlin-dsl)'
2025-07-31T22:17:22.734+0530 [DEBUG] [org.gradle.internal.operations.DefaultBuildOperationRunner] Build operation 'Clean up kotlin-dsl (C:\Users\subra\AndroidStudioProjects\WeddingCraft\gradle\caches\8.9\kotlin-dsl)' completed
2025-07-31T22:17:22.734+0530 [DEBUG] [org.gradle.cache.internal.DefaultCacheCoordinator] Cache kotlin-dsl (C:\Users\subra\AndroidStudioProjects\WeddingCraft\gradle\caches\8.9\kotlin-dsl) was closed 0 times.
2025-07-31T22:17:22.734+0530 [DEBUG] [org.gradle.cache.internal.LockOnDemandCrossProcessCacheAccess] Releasing file lock for journal cache (C:\Users\subra\AndroidStudioProjects\WeddingCraft\gradle\caches\journal-1)
2025-07-31T22:17:22.734+0530 [DEBUG] [org.gradle.cache.internal.btree.BTreePersistentIndexedCache] Closing cache file-access.bin (C:\Users\subra\AndroidStudioProjects\WeddingCraft\gradle\caches\journal-1\file-access.bin)
2025-07-31T22:17:22.735+0530 [DEBUG] [org.gradle.cache.internal.DefaultFileLockManager] Releasing lock on journal cache (C:\Users\subra\AndroidStudioProjects\WeddingCraft\gradle\caches\journal-1).
2025-07-31T22:17:22.736+0530 [DEBUG] [org.gradle.cache.internal.LockOnDemandCrossProcessCacheAccess] Releasing file lock for file hash cache (C:\Users\subra\AndroidStudioProjects\WeddingCraft\gradle\caches\8.9\fileHashes)
2025-07-31T22:17:22.736+0530 [DEBUG] [org.gradle.cache.internal.btree.BTreePersistentIndexedCache] Closing cache fileHashes.bin (C:\Users\subra\AndroidStudioProjects\WeddingCraft\gradle\caches\8.9\fileHashes\fileHashes.bin)
2025-07-31T22:17:22.736+0530 [DEBUG] [org.gradle.cache.internal.btree.BTreePersistentIndexedCache] Closing cache resourceHashesCache.bin (C:\Users\subra\AndroidStudioProjects\WeddingCraft\gradle\caches\8.9\fileHashes\resourceHashesCache.bin)
2025-07-31T22:17:22.737+0530 [DEBUG] [org.gradle.cache.internal.DefaultFileLockManager] Releasing lock on file hash cache (C:\Users\subra\AndroidStudioProjects\WeddingCraft\gradle\caches\8.9\fileHashes).
2025-07-31T22:17:22.738+0530 [DEBUG] [org.gradle.cache.internal.LockOnDemandCrossProcessCacheAccess] Releasing file lock for Java compile cache (C:\Users\subra\AndroidStudioProjects\WeddingCraft\gradle\caches\8.9\javaCompile)
2025-07-31T22:17:22.738+0530 [DEBUG] [org.gradle.cache.internal.btree.BTreePersistentIndexedCache] Closing cache jarAnalysis.bin (C:\Users\subra\AndroidStudioProjects\WeddingCraft\gradle\caches\8.9\javaCompile\jarAnalysis.bin)
2025-07-31T22:17:22.738+0530 [DEBUG] [org.gradle.cache.internal.btree.BTreePersistentIndexedCache] Closing cache classAnalysis.bin (C:\Users\subra\AndroidStudioProjects\WeddingCraft\gradle\caches\8.9\javaCompile\classAnalysis.bin)
2025-07-31T22:17:22.739+0530 [DEBUG] [org.gradle.cache.internal.DefaultFileLockManager] Releasing lock on Java compile cache (C:\Users\subra\AndroidStudioProjects\WeddingCraft\gradle\caches\8.9\javaCompile).
2025-07-31T22:17:22.741+0530 [DEBUG] [org.gradle.internal.operations.DefaultBuildOperationRunner] Build operation 'Deleting unused version-specific caches in C:\Users\subra\AndroidStudioProjects\WeddingCraft\gradle\caches' started
2025-07-31T22:17:22.743+0530 [DEBUG] [org.gradle.cache.internal.VersionSpecificCacheCleanupAction] Processed version-specific caches at C:\Users\subra\AndroidStudioProjects\WeddingCraft\gradle\caches for cleanup in 0.001 secs
2025-07-31T22:17:22.743+0530 [DEBUG] [org.gradle.internal.operations.DefaultBuildOperationRunner] Completing Build operation 'Deleting unused version-specific caches in C:\Users\subra\AndroidStudioProjects\WeddingCraft\gradle\caches'
2025-07-31T22:17:22.743+0530 [DEBUG] [org.gradle.internal.operations.DefaultBuildOperationRunner] Build operation 'Deleting unused version-specific caches in C:\Users\subra\AndroidStudioProjects\WeddingCraft\gradle\caches' completed
2025-07-31T22:17:22.746+0530 [DEBUG] [org.gradle.internal.operations.DefaultBuildOperationRunner] Build operation 'Deleting unused Gradle distributions in C:\Users\subra\AndroidStudioProjects\WeddingCraft\gradle\wrapper\dists' started
2025-07-31T22:17:22.751+0530 [DEBUG] [org.gradle.internal.operations.DefaultBuildOperationRunner] Completing Build operation 'Deleting unused Gradle distributions in C:\Users\subra\AndroidStudioProjects\WeddingCraft\gradle\wrapper\dists'
2025-07-31T22:17:22.751+0530 [DEBUG] [org.gradle.internal.operations.DefaultBuildOperationRunner] Build operation 'Deleting unused Gradle distributions in C:\Users\subra\AndroidStudioProjects\WeddingCraft\gradle\wrapper\dists' completed
2025-07-31T22:17:22.751+0530 [DEBUG] [org.gradle.launcher.daemon.server.Daemon] stop() called on daemon
2025-07-31T22:17:22.752+0530 [INFO] [org.gradle.launcher.daemon.server.Daemon] Stop requested. Daemon is removing its presence from the registry...
2025-07-31T22:17:22.752+0530 [DEBUG] [org.gradle.launcher.daemon.server.DaemonRegistryUpdater] Removing our presence to clients, eg. removing this address from the registry: [401faea7-7e97-4163-8494-2dbafb3b6330 port:51323, addresses:[localhost/127.0.0.1]]
2025-07-31T22:17:22.752+0530 [DEBUG] [org.gradle.launcher.daemon.registry.PersistentDaemonRegistry] Removing daemon address: [401faea7-7e97-4163-8494-2dbafb3b6330 port:51323, addresses:[localhost/127.0.0.1]]
2025-07-31T22:17:22.754+0530 [DEBUG] [org.gradle.cache.internal.DefaultFileLockManager] Waiting to acquire exclusive lock on daemon addresses registry.
2025-07-31T22:17:22.755+0530 [DEBUG] [org.gradle.cache.internal.DefaultFileLockManager] Lock acquired on daemon addresses registry.
2025-07-31T22:17:22.757+0530 [DEBUG] [org.gradle.cache.internal.DefaultFileLockManager] Releasing lock on daemon addresses registry.
2025-07-31T22:17:22.758+0530 [DEBUG] [org.gradle.launcher.daemon.server.DaemonRegistryUpdater] Address removed from registry.
2025-07-31T22:17:22.760+0530 [DEBUG] [org.gradle.cache.internal.locklistener.DefaultFileLockContentionHandler] File lock listener thread completed.
Daemon vm is shutting down... The daemon has exited normally or was terminated in response to a user interrupt.
2025-07-31T22:17:22.762+0530 [DEBUG] [org.gradle.launcher.daemon.registry.PersistentDaemonRegistry] Removing daemon address: [401faea7-7e97-4163-8494-2dbafb3b6330 port:51323, addresses:[localhost/127.0.0.1]]
2025-07-31T22:17:22.764+0530 [DEBUG] [org.gradle.launcher.daemon.server.Daemon] VM shutdown hook was unable to remove the daemon address from the registry. It will be cleaned up later.
java.lang.IllegalStateException: Cannot start managing file contention because this handler has been closed.
	at org.gradle.cache.internal.locklistener.DefaultFileLockContentionHandler.assertNotStopped(DefaultFileLockContentionHandler.java:217)
	at org.gradle.cache.internal.locklistener.DefaultFileLockContentionHandler.getCommunicator(DefaultFileLockContentionHandler.java:260)
	at org.gradle.cache.internal.locklistener.DefaultFileLockContentionHandler.reservePort(DefaultFileLockContentionHandler.java:254)
	at org.gradle.cache.internal.DefaultFileLockManager.lock(DefaultFileLockManager.java:124)
	at org.gradle.cache.internal.DefaultFileLockManager.lock(DefaultFileLockManager.java:106)
	at org.gradle.cache.internal.DefaultFileLockManager.lock(DefaultFileLockManager.java:101)
	at org.gradle.cache.internal.OnDemandFileAccess.updateFile(OnDemandFileAccess.java:51)
	at org.gradle.cache.internal.FileBackedObjectHolder.update(FileBackedObjectHolder.java:77)
	at org.gradle.cache.internal.FileIntegrityViolationSuppressingObjectHolderDecorator.lambda$update$0(FileIntegrityViolationSuppressingObjectHolderDecorator.java:48)
	at org.gradle.cache.internal.FileIntegrityViolationSuppressingObjectHolderDecorator.doUpdate(FileIntegrityViolationSuppressingObjectHolderDecorator.java:58)
	at org.gradle.cache.internal.FileIntegrityViolationSuppressingObjectHolderDecorator.update(FileIntegrityViolationSuppressingObjectHolderDecorator.java:48)
	at org.gradle.launcher.daemon.registry.PersistentDaemonRegistry.remove(PersistentDaemonRegistry.java:133)
	at org.gradle.launcher.daemon.server.Daemon$1.run(Daemon.java:133)
	at java.base/java.lang.Thread.run(Thread.java:842)
